INFO - 2024-08-29 02:23:09 --> Session: Class initialized using 'CodeIgniter\Session\Handlers\FileHandler' driver.
INFO - 2024-08-29 02:23:15 --> Session: Class initialized using 'CodeIgniter\Session\Handlers\FileHandler' driver.
INFO - 2024-08-29 02:23:34 --> Session: Class initialized using 'CodeIgniter\Session\Handlers\FileHandler' driver.
INFO - 2024-08-29 02:24:58 --> Session: Class initialized using 'CodeIgniter\Session\Handlers\FileHandler' driver.
INFO - 2024-08-29 02:25:01 --> Session: Class initialized using 'CodeIgniter\Session\Handlers\FileHandler' driver.
INFO - 2024-08-29 02:25:01 --> Session: Class initialized using 'CodeIgniter\Session\Handlers\FileHandler' driver.
INFO - 2024-08-29 02:25:13 --> Session: Class initialized using 'CodeIgniter\Session\Handlers\FileHandler' driver.
INFO - 2024-08-29 02:45:06 --> Session: Class initialized using 'CodeIgniter\Session\Handlers\FileHandler' driver.
INFO - 2024-08-29 02:45:08 --> Session: Class initialized using 'CodeIgniter\Session\Handlers\FileHandler' driver.
ERROR - 2024-08-29 02:45:14 --> mysqli_sql_exception: Unknown column 'spk' in 'field list' in C:\Dokumnt\web_project2024\dashmondt-master\system\Database\MySQLi\Connection.php:306
Stack trace:
#0 C:\Dokumnt\web_project2024\dashmondt-master\system\Database\MySQLi\Connection.php(306): mysqli->query('INSERT INTO `re...', 0)
#1 C:\Dokumnt\web_project2024\dashmondt-master\system\Database\BaseConnection.php(693): CodeIgniter\Database\MySQLi\Connection->execute('INSERT INTO `re...')
#2 C:\Dokumnt\web_project2024\dashmondt-master\system\Database\BaseConnection.php(607): CodeIgniter\Database\BaseConnection->simpleQuery('INSERT INTO `re...')
#3 C:\Dokumnt\web_project2024\dashmondt-master\system\Database\BaseBuilder.php(2302): CodeIgniter\Database\BaseConnection->query('INSERT INTO `re...', Array, false)
#4 C:\Dokumnt\web_project2024\dashmondt-master\app\Controllers\Report.php(310): CodeIgniter\Database\BaseBuilder->insert(Array)
#5 C:\Dokumnt\web_project2024\dashmondt-master\system\CodeIgniter.php(941): App\Controllers\Report->simpanExcelRfid()
#6 C:\Dokumnt\web_project2024\dashmondt-master\system\CodeIgniter.php(502): CodeIgniter\CodeIgniter->runController(Object(App\Controllers\Report))
#7 C:\Dokumnt\web_project2024\dashmondt-master\system\CodeIgniter.php(361): CodeIgniter\CodeIgniter->handleRequest(NULL, Object(Config\Cache), false)
#8 C:\Dokumnt\web_project2024\dashmondt-master\public\index.php(79): CodeIgniter\CodeIgniter->run()
#9 C:\Dokumnt\web_project2024\dashmondt-master\system\Commands\Server\rewrite.php(47): require_once('C:\\Dokumnt\\web_...')
#10 {main}
CRITICAL - 2024-08-29 02:45:14 --> CodeIgniter\Database\Exceptions\DatabaseException: Unknown column 'spk' in 'field list'
in SYSTEMPATH\Database\BaseConnection.php on line 647.
 1 SYSTEMPATH\Database\BaseBuilder.php(2302): CodeIgniter\Database\BaseConnection->query('INSERT INTO `report_rfid` (`id`, `project`, `eq_name`, `unit`, `jam_keluar`, `jam_masuk`, `jam_bd`, `jam_done`, `spk`, `driver`, `jam_finger`, `dt_status`, `driver_status`, `idproject_rfid`) VALUES (:id:, :project:, :eq_name:, :unit:, :jam_keluar:, :jam_masuk:, :jam_bd:, :jam_done:, :spk:, :driver:, :jam_finger:, :dt_status:, :driver_status:, :idproject_rfid:)', [...], false)
 2 APPPATH\Controllers\Report.php(310): CodeIgniter\Database\BaseBuilder->insert([...])
 3 SYSTEMPATH\CodeIgniter.php(941): App\Controllers\Report->simpanExcelRfid()
 4 SYSTEMPATH\CodeIgniter.php(502): CodeIgniter\CodeIgniter->runController(Object(App\Controllers\Report))
 5 SYSTEMPATH\CodeIgniter.php(361): CodeIgniter\CodeIgniter->handleRequest(null, Object(Config\Cache), false)
 6 FCPATH\index.php(79): CodeIgniter\CodeIgniter->run()
 7 SYSTEMPATH\Commands\Server\rewrite.php(47): require_once('C:\\Dokumnt\\web_project2024\\dashmondt-master\\public\\index.php')
CRITICAL - 2024-08-29 02:45:14 --> [Caused by] CodeIgniter\Database\Exceptions\DatabaseException: Unknown column 'spk' in 'field list'
in SYSTEMPATH\Database\MySQLi\Connection.php on line 311.
 1 SYSTEMPATH\Database\BaseConnection.php(693): CodeIgniter\Database\MySQLi\Connection->execute('INSERT INTO `report_rfid` (`id`, `project`, `eq_name`, `unit`, `jam_keluar`, `jam_masuk`, `jam_bd`, `jam_done`, `spk`, `driver`, `jam_finger`, `dt_status`, `driver_status`, `idproject_rfid`) VALUES (\'1\', \'Mining KBM\', \'HONGYAN KINKAN430\', \'DT-500\', NULL, NULL, NULL, NULL, NULL, \'ICCANG\', \'6:48:41\', \'Standby\', \'Hadir\', \'1\')')
 2 SYSTEMPATH\Database\BaseConnection.php(607): CodeIgniter\Database\BaseConnection->simpleQuery('INSERT INTO `report_rfid` (`id`, `project`, `eq_name`, `unit`, `jam_keluar`, `jam_masuk`, `jam_bd`, `jam_done`, `spk`, `driver`, `jam_finger`, `dt_status`, `driver_status`, `idproject_rfid`) VALUES (\'1\', \'Mining KBM\', \'HONGYAN KINKAN430\', \'DT-500\', NULL, NULL, NULL, NULL, NULL, \'ICCANG\', \'6:48:41\', \'Standby\', \'Hadir\', \'1\')')
 3 SYSTEMPATH\Database\BaseBuilder.php(2302): CodeIgniter\Database\BaseConnection->query('INSERT INTO `report_rfid` (`id`, `project`, `eq_name`, `unit`, `jam_keluar`, `jam_masuk`, `jam_bd`, `jam_done`, `spk`, `driver`, `jam_finger`, `dt_status`, `driver_status`, `idproject_rfid`) VALUES (:id:, :project:, :eq_name:, :unit:, :jam_keluar:, :jam_masuk:, :jam_bd:, :jam_done:, :spk:, :driver:, :jam_finger:, :dt_status:, :driver_status:, :idproject_rfid:)', [...], false)
 4 APPPATH\Controllers\Report.php(310): CodeIgniter\Database\BaseBuilder->insert([...])
 5 SYSTEMPATH\CodeIgniter.php(941): App\Controllers\Report->simpanExcelRfid()
 6 SYSTEMPATH\CodeIgniter.php(502): CodeIgniter\CodeIgniter->runController(Object(App\Controllers\Report))
 7 SYSTEMPATH\CodeIgniter.php(361): CodeIgniter\CodeIgniter->handleRequest(null, Object(Config\Cache), false)
 8 FCPATH\index.php(79): CodeIgniter\CodeIgniter->run()
 9 SYSTEMPATH\Commands\Server\rewrite.php(47): require_once('C:\\Dokumnt\\web_project2024\\dashmondt-master\\public\\index.php')
CRITICAL - 2024-08-29 02:45:14 --> [Caused by] mysqli_sql_exception: Unknown column 'spk' in 'field list'
in SYSTEMPATH\Database\MySQLi\Connection.php on line 306.
 1 SYSTEMPATH\Database\MySQLi\Connection.php(306): mysqli->query('INSERT INTO `report_rfid` (`id`, `project`, `eq_name`, `unit`, `jam_keluar`, `jam_masuk`, `jam_bd`, `jam_done`, `spk`, `driver`, `jam_finger`, `dt_status`, `driver_status`, `idproject_rfid`) VALUES (\'1\', \'Mining KBM\', \'HONGYAN KINKAN430\', \'DT-500\', NULL, NULL, NULL, NULL, NULL, \'ICCANG\', \'6:48:41\', \'Standby\', \'Hadir\', \'1\')', 0)
 2 SYSTEMPATH\Database\BaseConnection.php(693): CodeIgniter\Database\MySQLi\Connection->execute('INSERT INTO `report_rfid` (`id`, `project`, `eq_name`, `unit`, `jam_keluar`, `jam_masuk`, `jam_bd`, `jam_done`, `spk`, `driver`, `jam_finger`, `dt_status`, `driver_status`, `idproject_rfid`) VALUES (\'1\', \'Mining KBM\', \'HONGYAN KINKAN430\', \'DT-500\', NULL, NULL, NULL, NULL, NULL, \'ICCANG\', \'6:48:41\', \'Standby\', \'Hadir\', \'1\')')
 3 SYSTEMPATH\Database\BaseConnection.php(607): CodeIgniter\Database\BaseConnection->simpleQuery('INSERT INTO `report_rfid` (`id`, `project`, `eq_name`, `unit`, `jam_keluar`, `jam_masuk`, `jam_bd`, `jam_done`, `spk`, `driver`, `jam_finger`, `dt_status`, `driver_status`, `idproject_rfid`) VALUES (\'1\', \'Mining KBM\', \'HONGYAN KINKAN430\', \'DT-500\', NULL, NULL, NULL, NULL, NULL, \'ICCANG\', \'6:48:41\', \'Standby\', \'Hadir\', \'1\')')
 4 SYSTEMPATH\Database\BaseBuilder.php(2302): CodeIgniter\Database\BaseConnection->query('INSERT INTO `report_rfid` (`id`, `project`, `eq_name`, `unit`, `jam_keluar`, `jam_masuk`, `jam_bd`, `jam_done`, `spk`, `driver`, `jam_finger`, `dt_status`, `driver_status`, `idproject_rfid`) VALUES (:id:, :project:, :eq_name:, :unit:, :jam_keluar:, :jam_masuk:, :jam_bd:, :jam_done:, :spk:, :driver:, :jam_finger:, :dt_status:, :driver_status:, :idproject_rfid:)', [...], false)
 5 APPPATH\Controllers\Report.php(310): CodeIgniter\Database\BaseBuilder->insert([...])
 6 SYSTEMPATH\CodeIgniter.php(941): App\Controllers\Report->simpanExcelRfid()
 7 SYSTEMPATH\CodeIgniter.php(502): CodeIgniter\CodeIgniter->runController(Object(App\Controllers\Report))
 8 SYSTEMPATH\CodeIgniter.php(361): CodeIgniter\CodeIgniter->handleRequest(null, Object(Config\Cache), false)
 9 FCPATH\index.php(79): CodeIgniter\CodeIgniter->run()
10 SYSTEMPATH\Commands\Server\rewrite.php(47): require_once('C:\\Dokumnt\\web_project2024\\dashmondt-master\\public\\index.php')
INFO - 2024-08-29 02:46:07 --> Session: Class initialized using 'CodeIgniter\Session\Handlers\FileHandler' driver.
ERROR - 2024-08-29 02:46:08 --> mysqli_sql_exception: Column 'spk' cannot be null in C:\Dokumnt\web_project2024\dashmondt-master\system\Database\MySQLi\Connection.php:306
Stack trace:
#0 C:\Dokumnt\web_project2024\dashmondt-master\system\Database\MySQLi\Connection.php(306): mysqli->query('INSERT INTO `re...', 0)
#1 C:\Dokumnt\web_project2024\dashmondt-master\system\Database\BaseConnection.php(693): CodeIgniter\Database\MySQLi\Connection->execute('INSERT INTO `re...')
#2 C:\Dokumnt\web_project2024\dashmondt-master\system\Database\BaseConnection.php(607): CodeIgniter\Database\BaseConnection->simpleQuery('INSERT INTO `re...')
#3 C:\Dokumnt\web_project2024\dashmondt-master\system\Database\BaseBuilder.php(2302): CodeIgniter\Database\BaseConnection->query('INSERT INTO `re...', Array, false)
#4 C:\Dokumnt\web_project2024\dashmondt-master\app\Controllers\Report.php(310): CodeIgniter\Database\BaseBuilder->insert(Array)
#5 C:\Dokumnt\web_project2024\dashmondt-master\system\CodeIgniter.php(941): App\Controllers\Report->simpanExcelRfid()
#6 C:\Dokumnt\web_project2024\dashmondt-master\system\CodeIgniter.php(502): CodeIgniter\CodeIgniter->runController(Object(App\Controllers\Report))
#7 C:\Dokumnt\web_project2024\dashmondt-master\system\CodeIgniter.php(361): CodeIgniter\CodeIgniter->handleRequest(NULL, Object(Config\Cache), false)
#8 C:\Dokumnt\web_project2024\dashmondt-master\public\index.php(79): CodeIgniter\CodeIgniter->run()
#9 C:\Dokumnt\web_project2024\dashmondt-master\system\Commands\Server\rewrite.php(47): require_once('C:\\Dokumnt\\web_...')
#10 {main}
CRITICAL - 2024-08-29 02:46:08 --> CodeIgniter\Database\Exceptions\DatabaseException: Column 'spk' cannot be null
in SYSTEMPATH\Database\BaseConnection.php on line 647.
 1 SYSTEMPATH\Database\BaseBuilder.php(2302): CodeIgniter\Database\BaseConnection->query('INSERT INTO `report_rfid` (`id`, `project`, `eq_name`, `unit`, `jam_keluar`, `jam_masuk`, `jam_bd`, `jam_done`, `spk`, `driver`, `jam_finger`, `dt_status`, `driver_status`, `idproject_rfid`) VALUES (:id:, :project:, :eq_name:, :unit:, :jam_keluar:, :jam_masuk:, :jam_bd:, :jam_done:, :spk:, :driver:, :jam_finger:, :dt_status:, :driver_status:, :idproject_rfid:)', [...], false)
 2 APPPATH\Controllers\Report.php(310): CodeIgniter\Database\BaseBuilder->insert([...])
 3 SYSTEMPATH\CodeIgniter.php(941): App\Controllers\Report->simpanExcelRfid()
 4 SYSTEMPATH\CodeIgniter.php(502): CodeIgniter\CodeIgniter->runController(Object(App\Controllers\Report))
 5 SYSTEMPATH\CodeIgniter.php(361): CodeIgniter\CodeIgniter->handleRequest(null, Object(Config\Cache), false)
 6 FCPATH\index.php(79): CodeIgniter\CodeIgniter->run()
 7 SYSTEMPATH\Commands\Server\rewrite.php(47): require_once('C:\\Dokumnt\\web_project2024\\dashmondt-master\\public\\index.php')
CRITICAL - 2024-08-29 02:46:08 --> [Caused by] CodeIgniter\Database\Exceptions\DatabaseException: Column 'spk' cannot be null
in SYSTEMPATH\Database\MySQLi\Connection.php on line 311.
 1 SYSTEMPATH\Database\BaseConnection.php(693): CodeIgniter\Database\MySQLi\Connection->execute('INSERT INTO `report_rfid` (`id`, `project`, `eq_name`, `unit`, `jam_keluar`, `jam_masuk`, `jam_bd`, `jam_done`, `spk`, `driver`, `jam_finger`, `dt_status`, `driver_status`, `idproject_rfid`) VALUES (\'1\', \'Mining KBM\', \'HONGYAN KINKAN430\', \'DT-500\', NULL, NULL, NULL, NULL, NULL, \'ICCANG\', \'6:48:41\', \'Standby\', \'Hadir\', \'1\')')
 2 SYSTEMPATH\Database\BaseConnection.php(607): CodeIgniter\Database\BaseConnection->simpleQuery('INSERT INTO `report_rfid` (`id`, `project`, `eq_name`, `unit`, `jam_keluar`, `jam_masuk`, `jam_bd`, `jam_done`, `spk`, `driver`, `jam_finger`, `dt_status`, `driver_status`, `idproject_rfid`) VALUES (\'1\', \'Mining KBM\', \'HONGYAN KINKAN430\', \'DT-500\', NULL, NULL, NULL, NULL, NULL, \'ICCANG\', \'6:48:41\', \'Standby\', \'Hadir\', \'1\')')
 3 SYSTEMPATH\Database\BaseBuilder.php(2302): CodeIgniter\Database\BaseConnection->query('INSERT INTO `report_rfid` (`id`, `project`, `eq_name`, `unit`, `jam_keluar`, `jam_masuk`, `jam_bd`, `jam_done`, `spk`, `driver`, `jam_finger`, `dt_status`, `driver_status`, `idproject_rfid`) VALUES (:id:, :project:, :eq_name:, :unit:, :jam_keluar:, :jam_masuk:, :jam_bd:, :jam_done:, :spk:, :driver:, :jam_finger:, :dt_status:, :driver_status:, :idproject_rfid:)', [...], false)
 4 APPPATH\Controllers\Report.php(310): CodeIgniter\Database\BaseBuilder->insert([...])
 5 SYSTEMPATH\CodeIgniter.php(941): App\Controllers\Report->simpanExcelRfid()
 6 SYSTEMPATH\CodeIgniter.php(502): CodeIgniter\CodeIgniter->runController(Object(App\Controllers\Report))
 7 SYSTEMPATH\CodeIgniter.php(361): CodeIgniter\CodeIgniter->handleRequest(null, Object(Config\Cache), false)
 8 FCPATH\index.php(79): CodeIgniter\CodeIgniter->run()
 9 SYSTEMPATH\Commands\Server\rewrite.php(47): require_once('C:\\Dokumnt\\web_project2024\\dashmondt-master\\public\\index.php')
CRITICAL - 2024-08-29 02:46:08 --> [Caused by] mysqli_sql_exception: Column 'spk' cannot be null
in SYSTEMPATH\Database\MySQLi\Connection.php on line 306.
 1 SYSTEMPATH\Database\MySQLi\Connection.php(306): mysqli->query('INSERT INTO `report_rfid` (`id`, `project`, `eq_name`, `unit`, `jam_keluar`, `jam_masuk`, `jam_bd`, `jam_done`, `spk`, `driver`, `jam_finger`, `dt_status`, `driver_status`, `idproject_rfid`) VALUES (\'1\', \'Mining KBM\', \'HONGYAN KINKAN430\', \'DT-500\', NULL, NULL, NULL, NULL, NULL, \'ICCANG\', \'6:48:41\', \'Standby\', \'Hadir\', \'1\')', 0)
 2 SYSTEMPATH\Database\BaseConnection.php(693): CodeIgniter\Database\MySQLi\Connection->execute('INSERT INTO `report_rfid` (`id`, `project`, `eq_name`, `unit`, `jam_keluar`, `jam_masuk`, `jam_bd`, `jam_done`, `spk`, `driver`, `jam_finger`, `dt_status`, `driver_status`, `idproject_rfid`) VALUES (\'1\', \'Mining KBM\', \'HONGYAN KINKAN430\', \'DT-500\', NULL, NULL, NULL, NULL, NULL, \'ICCANG\', \'6:48:41\', \'Standby\', \'Hadir\', \'1\')')
 3 SYSTEMPATH\Database\BaseConnection.php(607): CodeIgniter\Database\BaseConnection->simpleQuery('INSERT INTO `report_rfid` (`id`, `project`, `eq_name`, `unit`, `jam_keluar`, `jam_masuk`, `jam_bd`, `jam_done`, `spk`, `driver`, `jam_finger`, `dt_status`, `driver_status`, `idproject_rfid`) VALUES (\'1\', \'Mining KBM\', \'HONGYAN KINKAN430\', \'DT-500\', NULL, NULL, NULL, NULL, NULL, \'ICCANG\', \'6:48:41\', \'Standby\', \'Hadir\', \'1\')')
 4 SYSTEMPATH\Database\BaseBuilder.php(2302): CodeIgniter\Database\BaseConnection->query('INSERT INTO `report_rfid` (`id`, `project`, `eq_name`, `unit`, `jam_keluar`, `jam_masuk`, `jam_bd`, `jam_done`, `spk`, `driver`, `jam_finger`, `dt_status`, `driver_status`, `idproject_rfid`) VALUES (:id:, :project:, :eq_name:, :unit:, :jam_keluar:, :jam_masuk:, :jam_bd:, :jam_done:, :spk:, :driver:, :jam_finger:, :dt_status:, :driver_status:, :idproject_rfid:)', [...], false)
 5 APPPATH\Controllers\Report.php(310): CodeIgniter\Database\BaseBuilder->insert([...])
 6 SYSTEMPATH\CodeIgniter.php(941): App\Controllers\Report->simpanExcelRfid()
 7 SYSTEMPATH\CodeIgniter.php(502): CodeIgniter\CodeIgniter->runController(Object(App\Controllers\Report))
 8 SYSTEMPATH\CodeIgniter.php(361): CodeIgniter\CodeIgniter->handleRequest(null, Object(Config\Cache), false)
 9 FCPATH\index.php(79): CodeIgniter\CodeIgniter->run()
10 SYSTEMPATH\Commands\Server\rewrite.php(47): require_once('C:\\Dokumnt\\web_project2024\\dashmondt-master\\public\\index.php')
INFO - 2024-08-29 02:46:21 --> Session: Class initialized using 'CodeIgniter\Session\Handlers\FileHandler' driver.
INFO - 2024-08-29 02:46:22 --> Session: Class initialized using 'CodeIgniter\Session\Handlers\FileHandler' driver.
ERROR - 2024-08-29 02:46:22 --> mysqli_sql_exception: Column 'id' cannot be null in C:\Dokumnt\web_project2024\dashmondt-master\system\Database\MySQLi\Connection.php:306
Stack trace:
#0 C:\Dokumnt\web_project2024\dashmondt-master\system\Database\MySQLi\Connection.php(306): mysqli->query('INSERT INTO `re...', 0)
#1 C:\Dokumnt\web_project2024\dashmondt-master\system\Database\BaseConnection.php(693): CodeIgniter\Database\MySQLi\Connection->execute('INSERT INTO `re...')
#2 C:\Dokumnt\web_project2024\dashmondt-master\system\Database\BaseConnection.php(607): CodeIgniter\Database\BaseConnection->simpleQuery('INSERT INTO `re...')
#3 C:\Dokumnt\web_project2024\dashmondt-master\system\Database\BaseBuilder.php(2302): CodeIgniter\Database\BaseConnection->query('INSERT INTO `re...', Array, false)
#4 C:\Dokumnt\web_project2024\dashmondt-master\app\Controllers\Report.php(310): CodeIgniter\Database\BaseBuilder->insert(Array)
#5 C:\Dokumnt\web_project2024\dashmondt-master\system\CodeIgniter.php(941): App\Controllers\Report->simpanExcelRfid()
#6 C:\Dokumnt\web_project2024\dashmondt-master\system\CodeIgniter.php(502): CodeIgniter\CodeIgniter->runController(Object(App\Controllers\Report))
#7 C:\Dokumnt\web_project2024\dashmondt-master\system\CodeIgniter.php(361): CodeIgniter\CodeIgniter->handleRequest(NULL, Object(Config\Cache), false)
#8 C:\Dokumnt\web_project2024\dashmondt-master\public\index.php(79): CodeIgniter\CodeIgniter->run()
#9 C:\Dokumnt\web_project2024\dashmondt-master\system\Commands\Server\rewrite.php(47): require_once('C:\\Dokumnt\\web_...')
#10 {main}
CRITICAL - 2024-08-29 02:46:22 --> CodeIgniter\Database\Exceptions\DatabaseException: Column 'id' cannot be null
in SYSTEMPATH\Database\BaseConnection.php on line 647.
 1 SYSTEMPATH\Database\BaseBuilder.php(2302): CodeIgniter\Database\BaseConnection->query('INSERT INTO `report_rfid` (`id`, `project`, `eq_name`, `unit`, `jam_keluar`, `jam_masuk`, `jam_bd`, `jam_done`, `spk`, `driver`, `jam_finger`, `dt_status`, `driver_status`, `idproject_rfid`) VALUES (:id:, :project:, :eq_name:, :unit:, :jam_keluar:, :jam_masuk:, :jam_bd:, :jam_done:, :spk:, :driver:, :jam_finger:, :dt_status:, :driver_status:, :idproject_rfid:)', [...], false)
 2 APPPATH\Controllers\Report.php(310): CodeIgniter\Database\BaseBuilder->insert([...])
 3 SYSTEMPATH\CodeIgniter.php(941): App\Controllers\Report->simpanExcelRfid()
 4 SYSTEMPATH\CodeIgniter.php(502): CodeIgniter\CodeIgniter->runController(Object(App\Controllers\Report))
 5 SYSTEMPATH\CodeIgniter.php(361): CodeIgniter\CodeIgniter->handleRequest(null, Object(Config\Cache), false)
 6 FCPATH\index.php(79): CodeIgniter\CodeIgniter->run()
 7 SYSTEMPATH\Commands\Server\rewrite.php(47): require_once('C:\\Dokumnt\\web_project2024\\dashmondt-master\\public\\index.php')
CRITICAL - 2024-08-29 02:46:22 --> [Caused by] CodeIgniter\Database\Exceptions\DatabaseException: Column 'id' cannot be null
in SYSTEMPATH\Database\MySQLi\Connection.php on line 311.
 1 SYSTEMPATH\Database\BaseConnection.php(693): CodeIgniter\Database\MySQLi\Connection->execute('INSERT INTO `report_rfid` (`id`, `project`, `eq_name`, `unit`, `jam_keluar`, `jam_masuk`, `jam_bd`, `jam_done`, `spk`, `driver`, `jam_finger`, `dt_status`, `driver_status`, `idproject_rfid`) VALUES (NULL, NULL, NULL, NULL, NULL, NULL, NULL, NULL, NULL, NULL, NULL, NULL, NULL, NULL)')
 2 SYSTEMPATH\Database\BaseConnection.php(607): CodeIgniter\Database\BaseConnection->simpleQuery('INSERT INTO `report_rfid` (`id`, `project`, `eq_name`, `unit`, `jam_keluar`, `jam_masuk`, `jam_bd`, `jam_done`, `spk`, `driver`, `jam_finger`, `dt_status`, `driver_status`, `idproject_rfid`) VALUES (NULL, NULL, NULL, NULL, NULL, NULL, NULL, NULL, NULL, NULL, NULL, NULL, NULL, NULL)')
 3 SYSTEMPATH\Database\BaseBuilder.php(2302): CodeIgniter\Database\BaseConnection->query('INSERT INTO `report_rfid` (`id`, `project`, `eq_name`, `unit`, `jam_keluar`, `jam_masuk`, `jam_bd`, `jam_done`, `spk`, `driver`, `jam_finger`, `dt_status`, `driver_status`, `idproject_rfid`) VALUES (:id:, :project:, :eq_name:, :unit:, :jam_keluar:, :jam_masuk:, :jam_bd:, :jam_done:, :spk:, :driver:, :jam_finger:, :dt_status:, :driver_status:, :idproject_rfid:)', [...], false)
 4 APPPATH\Controllers\Report.php(310): CodeIgniter\Database\BaseBuilder->insert([...])
 5 SYSTEMPATH\CodeIgniter.php(941): App\Controllers\Report->simpanExcelRfid()
 6 SYSTEMPATH\CodeIgniter.php(502): CodeIgniter\CodeIgniter->runController(Object(App\Controllers\Report))
 7 SYSTEMPATH\CodeIgniter.php(361): CodeIgniter\CodeIgniter->handleRequest(null, Object(Config\Cache), false)
 8 FCPATH\index.php(79): CodeIgniter\CodeIgniter->run()
 9 SYSTEMPATH\Commands\Server\rewrite.php(47): require_once('C:\\Dokumnt\\web_project2024\\dashmondt-master\\public\\index.php')
CRITICAL - 2024-08-29 02:46:22 --> [Caused by] mysqli_sql_exception: Column 'id' cannot be null
in SYSTEMPATH\Database\MySQLi\Connection.php on line 306.
 1 SYSTEMPATH\Database\MySQLi\Connection.php(306): mysqli->query('INSERT INTO `report_rfid` (`id`, `project`, `eq_name`, `unit`, `jam_keluar`, `jam_masuk`, `jam_bd`, `jam_done`, `spk`, `driver`, `jam_finger`, `dt_status`, `driver_status`, `idproject_rfid`) VALUES (NULL, NULL, NULL, NULL, NULL, NULL, NULL, NULL, NULL, NULL, NULL, NULL, NULL, NULL)', 0)
 2 SYSTEMPATH\Database\BaseConnection.php(693): CodeIgniter\Database\MySQLi\Connection->execute('INSERT INTO `report_rfid` (`id`, `project`, `eq_name`, `unit`, `jam_keluar`, `jam_masuk`, `jam_bd`, `jam_done`, `spk`, `driver`, `jam_finger`, `dt_status`, `driver_status`, `idproject_rfid`) VALUES (NULL, NULL, NULL, NULL, NULL, NULL, NULL, NULL, NULL, NULL, NULL, NULL, NULL, NULL)')
 3 SYSTEMPATH\Database\BaseConnection.php(607): CodeIgniter\Database\BaseConnection->simpleQuery('INSERT INTO `report_rfid` (`id`, `project`, `eq_name`, `unit`, `jam_keluar`, `jam_masuk`, `jam_bd`, `jam_done`, `spk`, `driver`, `jam_finger`, `dt_status`, `driver_status`, `idproject_rfid`) VALUES (NULL, NULL, NULL, NULL, NULL, NULL, NULL, NULL, NULL, NULL, NULL, NULL, NULL, NULL)')
 4 SYSTEMPATH\Database\BaseBuilder.php(2302): CodeIgniter\Database\BaseConnection->query('INSERT INTO `report_rfid` (`id`, `project`, `eq_name`, `unit`, `jam_keluar`, `jam_masuk`, `jam_bd`, `jam_done`, `spk`, `driver`, `jam_finger`, `dt_status`, `driver_status`, `idproject_rfid`) VALUES (:id:, :project:, :eq_name:, :unit:, :jam_keluar:, :jam_masuk:, :jam_bd:, :jam_done:, :spk:, :driver:, :jam_finger:, :dt_status:, :driver_status:, :idproject_rfid:)', [...], false)
 5 APPPATH\Controllers\Report.php(310): CodeIgniter\Database\BaseBuilder->insert([...])
 6 SYSTEMPATH\CodeIgniter.php(941): App\Controllers\Report->simpanExcelRfid()
 7 SYSTEMPATH\CodeIgniter.php(502): CodeIgniter\CodeIgniter->runController(Object(App\Controllers\Report))
 8 SYSTEMPATH\CodeIgniter.php(361): CodeIgniter\CodeIgniter->handleRequest(null, Object(Config\Cache), false)
 9 FCPATH\index.php(79): CodeIgniter\CodeIgniter->run()
10 SYSTEMPATH\Commands\Server\rewrite.php(47): require_once('C:\\Dokumnt\\web_project2024\\dashmondt-master\\public\\index.php')
INFO - 2024-08-29 02:47:00 --> Session: Class initialized using 'CodeIgniter\Session\Handlers\FileHandler' driver.
INFO - 2024-08-29 02:47:05 --> Session: Class initialized using 'CodeIgniter\Session\Handlers\FileHandler' driver.
ERROR - 2024-08-29 02:47:05 --> mysqli_sql_exception: Column 'id' cannot be null in C:\Dokumnt\web_project2024\dashmondt-master\system\Database\MySQLi\Connection.php:306
Stack trace:
#0 C:\Dokumnt\web_project2024\dashmondt-master\system\Database\MySQLi\Connection.php(306): mysqli->query('INSERT INTO `re...', 0)
#1 C:\Dokumnt\web_project2024\dashmondt-master\system\Database\BaseConnection.php(693): CodeIgniter\Database\MySQLi\Connection->execute('INSERT INTO `re...')
#2 C:\Dokumnt\web_project2024\dashmondt-master\system\Database\BaseConnection.php(607): CodeIgniter\Database\BaseConnection->simpleQuery('INSERT INTO `re...')
#3 C:\Dokumnt\web_project2024\dashmondt-master\system\Database\BaseBuilder.php(2302): CodeIgniter\Database\BaseConnection->query('INSERT INTO `re...', Array, false)
#4 C:\Dokumnt\web_project2024\dashmondt-master\app\Controllers\Report.php(310): CodeIgniter\Database\BaseBuilder->insert(Array)
#5 C:\Dokumnt\web_project2024\dashmondt-master\system\CodeIgniter.php(941): App\Controllers\Report->simpanExcelRfid()
#6 C:\Dokumnt\web_project2024\dashmondt-master\system\CodeIgniter.php(502): CodeIgniter\CodeIgniter->runController(Object(App\Controllers\Report))
#7 C:\Dokumnt\web_project2024\dashmondt-master\system\CodeIgniter.php(361): CodeIgniter\CodeIgniter->handleRequest(NULL, Object(Config\Cache), false)
#8 C:\Dokumnt\web_project2024\dashmondt-master\public\index.php(79): CodeIgniter\CodeIgniter->run()
#9 C:\Dokumnt\web_project2024\dashmondt-master\system\Commands\Server\rewrite.php(47): require_once('C:\\Dokumnt\\web_...')
#10 {main}
CRITICAL - 2024-08-29 02:47:05 --> CodeIgniter\Database\Exceptions\DatabaseException: Column 'id' cannot be null
in SYSTEMPATH\Database\BaseConnection.php on line 647.
 1 SYSTEMPATH\Database\BaseBuilder.php(2302): CodeIgniter\Database\BaseConnection->query('INSERT INTO `report_rfid` (`id`, `project`, `eq_name`, `unit`, `jam_keluar`, `jam_masuk`, `jam_bd`, `jam_done`, `spk`, `driver`, `jam_finger`, `dt_status`, `driver_status`, `idproject_rfid`) VALUES (:id:, :project:, :eq_name:, :unit:, :jam_keluar:, :jam_masuk:, :jam_bd:, :jam_done:, :spk:, :driver:, :jam_finger:, :dt_status:, :driver_status:, :idproject_rfid:)', [...], false)
 2 APPPATH\Controllers\Report.php(310): CodeIgniter\Database\BaseBuilder->insert([...])
 3 SYSTEMPATH\CodeIgniter.php(941): App\Controllers\Report->simpanExcelRfid()
 4 SYSTEMPATH\CodeIgniter.php(502): CodeIgniter\CodeIgniter->runController(Object(App\Controllers\Report))
 5 SYSTEMPATH\CodeIgniter.php(361): CodeIgniter\CodeIgniter->handleRequest(null, Object(Config\Cache), false)
 6 FCPATH\index.php(79): CodeIgniter\CodeIgniter->run()
 7 SYSTEMPATH\Commands\Server\rewrite.php(47): require_once('C:\\Dokumnt\\web_project2024\\dashmondt-master\\public\\index.php')
CRITICAL - 2024-08-29 02:47:05 --> [Caused by] CodeIgniter\Database\Exceptions\DatabaseException: Column 'id' cannot be null
in SYSTEMPATH\Database\MySQLi\Connection.php on line 311.
 1 SYSTEMPATH\Database\BaseConnection.php(693): CodeIgniter\Database\MySQLi\Connection->execute('INSERT INTO `report_rfid` (`id`, `project`, `eq_name`, `unit`, `jam_keluar`, `jam_masuk`, `jam_bd`, `jam_done`, `spk`, `driver`, `jam_finger`, `dt_status`, `driver_status`, `idproject_rfid`) VALUES (NULL, NULL, NULL, NULL, NULL, NULL, NULL, NULL, NULL, NULL, NULL, NULL, NULL, NULL)')
 2 SYSTEMPATH\Database\BaseConnection.php(607): CodeIgniter\Database\BaseConnection->simpleQuery('INSERT INTO `report_rfid` (`id`, `project`, `eq_name`, `unit`, `jam_keluar`, `jam_masuk`, `jam_bd`, `jam_done`, `spk`, `driver`, `jam_finger`, `dt_status`, `driver_status`, `idproject_rfid`) VALUES (NULL, NULL, NULL, NULL, NULL, NULL, NULL, NULL, NULL, NULL, NULL, NULL, NULL, NULL)')
 3 SYSTEMPATH\Database\BaseBuilder.php(2302): CodeIgniter\Database\BaseConnection->query('INSERT INTO `report_rfid` (`id`, `project`, `eq_name`, `unit`, `jam_keluar`, `jam_masuk`, `jam_bd`, `jam_done`, `spk`, `driver`, `jam_finger`, `dt_status`, `driver_status`, `idproject_rfid`) VALUES (:id:, :project:, :eq_name:, :unit:, :jam_keluar:, :jam_masuk:, :jam_bd:, :jam_done:, :spk:, :driver:, :jam_finger:, :dt_status:, :driver_status:, :idproject_rfid:)', [...], false)
 4 APPPATH\Controllers\Report.php(310): CodeIgniter\Database\BaseBuilder->insert([...])
 5 SYSTEMPATH\CodeIgniter.php(941): App\Controllers\Report->simpanExcelRfid()
 6 SYSTEMPATH\CodeIgniter.php(502): CodeIgniter\CodeIgniter->runController(Object(App\Controllers\Report))
 7 SYSTEMPATH\CodeIgniter.php(361): CodeIgniter\CodeIgniter->handleRequest(null, Object(Config\Cache), false)
 8 FCPATH\index.php(79): CodeIgniter\CodeIgniter->run()
 9 SYSTEMPATH\Commands\Server\rewrite.php(47): require_once('C:\\Dokumnt\\web_project2024\\dashmondt-master\\public\\index.php')
CRITICAL - 2024-08-29 02:47:05 --> [Caused by] mysqli_sql_exception: Column 'id' cannot be null
in SYSTEMPATH\Database\MySQLi\Connection.php on line 306.
 1 SYSTEMPATH\Database\MySQLi\Connection.php(306): mysqli->query('INSERT INTO `report_rfid` (`id`, `project`, `eq_name`, `unit`, `jam_keluar`, `jam_masuk`, `jam_bd`, `jam_done`, `spk`, `driver`, `jam_finger`, `dt_status`, `driver_status`, `idproject_rfid`) VALUES (NULL, NULL, NULL, NULL, NULL, NULL, NULL, NULL, NULL, NULL, NULL, NULL, NULL, NULL)', 0)
 2 SYSTEMPATH\Database\BaseConnection.php(693): CodeIgniter\Database\MySQLi\Connection->execute('INSERT INTO `report_rfid` (`id`, `project`, `eq_name`, `unit`, `jam_keluar`, `jam_masuk`, `jam_bd`, `jam_done`, `spk`, `driver`, `jam_finger`, `dt_status`, `driver_status`, `idproject_rfid`) VALUES (NULL, NULL, NULL, NULL, NULL, NULL, NULL, NULL, NULL, NULL, NULL, NULL, NULL, NULL)')
 3 SYSTEMPATH\Database\BaseConnection.php(607): CodeIgniter\Database\BaseConnection->simpleQuery('INSERT INTO `report_rfid` (`id`, `project`, `eq_name`, `unit`, `jam_keluar`, `jam_masuk`, `jam_bd`, `jam_done`, `spk`, `driver`, `jam_finger`, `dt_status`, `driver_status`, `idproject_rfid`) VALUES (NULL, NULL, NULL, NULL, NULL, NULL, NULL, NULL, NULL, NULL, NULL, NULL, NULL, NULL)')
 4 SYSTEMPATH\Database\BaseBuilder.php(2302): CodeIgniter\Database\BaseConnection->query('INSERT INTO `report_rfid` (`id`, `project`, `eq_name`, `unit`, `jam_keluar`, `jam_masuk`, `jam_bd`, `jam_done`, `spk`, `driver`, `jam_finger`, `dt_status`, `driver_status`, `idproject_rfid`) VALUES (:id:, :project:, :eq_name:, :unit:, :jam_keluar:, :jam_masuk:, :jam_bd:, :jam_done:, :spk:, :driver:, :jam_finger:, :dt_status:, :driver_status:, :idproject_rfid:)', [...], false)
 5 APPPATH\Controllers\Report.php(310): CodeIgniter\Database\BaseBuilder->insert([...])
 6 SYSTEMPATH\CodeIgniter.php(941): App\Controllers\Report->simpanExcelRfid()
 7 SYSTEMPATH\CodeIgniter.php(502): CodeIgniter\CodeIgniter->runController(Object(App\Controllers\Report))
 8 SYSTEMPATH\CodeIgniter.php(361): CodeIgniter\CodeIgniter->handleRequest(null, Object(Config\Cache), false)
 9 FCPATH\index.php(79): CodeIgniter\CodeIgniter->run()
10 SYSTEMPATH\Commands\Server\rewrite.php(47): require_once('C:\\Dokumnt\\web_project2024\\dashmondt-master\\public\\index.php')
INFO - 2024-08-29 02:47:30 --> Session: Class initialized using 'CodeIgniter\Session\Handlers\FileHandler' driver.
INFO - 2024-08-29 02:49:39 --> Session: Class initialized using 'CodeIgniter\Session\Handlers\FileHandler' driver.
INFO - 2024-08-29 02:49:40 --> Session: Class initialized using 'CodeIgniter\Session\Handlers\FileHandler' driver.
INFO - 2024-08-29 02:51:41 --> Session: Class initialized using 'CodeIgniter\Session\Handlers\FileHandler' driver.
INFO - 2024-08-29 03:50:57 --> Session: Class initialized using 'CodeIgniter\Session\Handlers\FileHandler' driver.
INFO - 2024-08-29 03:51:17 --> Session: Class initialized using 'CodeIgniter\Session\Handlers\FileHandler' driver.
INFO - 2024-08-29 04:00:54 --> Session: Class initialized using 'CodeIgniter\Session\Handlers\FileHandler' driver.
INFO - 2024-08-29 04:00:56 --> Session: Class initialized using 'CodeIgniter\Session\Handlers\FileHandler' driver.
INFO - 2024-08-29 04:12:11 --> Session: Class initialized using 'CodeIgniter\Session\Handlers\FileHandler' driver.
INFO - 2024-08-29 04:14:00 --> Session: Class initialized using 'CodeIgniter\Session\Handlers\FileHandler' driver.
INFO - 2024-08-29 04:14:33 --> Session: Class initialized using 'CodeIgniter\Session\Handlers\FileHandler' driver.
INFO - 2024-08-29 04:14:51 --> Session: Class initialized using 'CodeIgniter\Session\Handlers\FileHandler' driver.
INFO - 2024-08-29 04:15:04 --> Session: Class initialized using 'CodeIgniter\Session\Handlers\FileHandler' driver.
INFO - 2024-08-29 04:17:39 --> Session: Class initialized using 'CodeIgniter\Session\Handlers\FileHandler' driver.
INFO - 2024-08-29 04:17:42 --> Session: Class initialized using 'CodeIgniter\Session\Handlers\FileHandler' driver.
INFO - 2024-08-29 04:18:05 --> Session: Class initialized using 'CodeIgniter\Session\Handlers\FileHandler' driver.
INFO - 2024-08-29 04:21:47 --> Session: Class initialized using 'CodeIgniter\Session\Handlers\FileHandler' driver.
INFO - 2024-08-29 04:22:21 --> Session: Class initialized using 'CodeIgniter\Session\Handlers\FileHandler' driver.
INFO - 2024-08-29 04:23:18 --> Session: Class initialized using 'CodeIgniter\Session\Handlers\FileHandler' driver.
INFO - 2024-08-29 08:09:43 --> Session: Class initialized using 'CodeIgniter\Session\Handlers\FileHandler' driver.
INFO - 2024-08-29 08:37:13 --> Session: Class initialized using 'CodeIgniter\Session\Handlers\FileHandler' driver.
INFO - 2024-08-29 08:37:16 --> Session: Class initialized using 'CodeIgniter\Session\Handlers\FileHandler' driver.
INFO - 2024-08-29 08:37:16 --> Session: Class initialized using 'CodeIgniter\Session\Handlers\FileHandler' driver.
INFO - 2024-08-29 08:46:34 --> Session: Class initialized using 'CodeIgniter\Session\Handlers\FileHandler' driver.
INFO - 2024-08-29 08:47:28 --> Session: Class initialized using 'CodeIgniter\Session\Handlers\FileHandler' driver.
INFO - 2024-08-29 08:50:40 --> Session: Class initialized using 'CodeIgniter\Session\Handlers\FileHandler' driver.
INFO - 2024-08-29 08:57:47 --> Session: Class initialized using 'CodeIgniter\Session\Handlers\FileHandler' driver.
INFO - 2024-08-29 09:05:58 --> Session: Class initialized using 'CodeIgniter\Session\Handlers\FileHandler' driver.
INFO - 2024-08-29 09:07:27 --> Session: Class initialized using 'CodeIgniter\Session\Handlers\FileHandler' driver.
INFO - 2024-08-29 09:08:17 --> Session: Class initialized using 'CodeIgniter\Session\Handlers\FileHandler' driver.
INFO - 2024-08-29 09:08:57 --> Session: Class initialized using 'CodeIgniter\Session\Handlers\FileHandler' driver.
INFO - 2024-08-29 09:09:06 --> Session: Class initialized using 'CodeIgniter\Session\Handlers\FileHandler' driver.
INFO - 2024-08-29 09:09:30 --> Session: Class initialized using 'CodeIgniter\Session\Handlers\FileHandler' driver.
INFO - 2024-08-29 09:10:11 --> Session: Class initialized using 'CodeIgniter\Session\Handlers\FileHandler' driver.
INFO - 2024-08-29 09:10:20 --> Session: Class initialized using 'CodeIgniter\Session\Handlers\FileHandler' driver.
INFO - 2024-08-29 09:10:35 --> Session: Class initialized using 'CodeIgniter\Session\Handlers\FileHandler' driver.
INFO - 2024-08-29 09:10:46 --> Session: Class initialized using 'CodeIgniter\Session\Handlers\FileHandler' driver.
INFO - 2024-08-29 09:11:01 --> Session: Class initialized using 'CodeIgniter\Session\Handlers\FileHandler' driver.
INFO - 2024-08-29 09:11:19 --> Session: Class initialized using 'CodeIgniter\Session\Handlers\FileHandler' driver.
