CRITICAL - 2024-07-17 05:51:35 --> ErrorException: Attempt to read property "id_unit" on string
in APPPATH\Views\report\detail.php on line 32.
 1 APPPATH\Views\report\detail.php(32): CodeIgniter\Debug\Exceptions->errorHandler(2, 'Attempt to read property "id_unit" on string', 'C:\\Dokumnt\\web_project2024\\dashmondt-master\\app\\Views\\report\\detail.php', 32)
 2 SYSTEMPATH\View\View.php(228): include('C:\\Dokumnt\\web_project2024\\dashmondt-master\\app\\Views\\report\\detail.php')
 3 SYSTEMPATH\View\View.php(231): CodeIgniter\View\View->CodeIgniter\View\{closure}()
 4 SYSTEMPATH\Common.php(1178): CodeIgniter\View\View->render('report/detail', [], true)
 5 APPPATH\Controllers\Report.php(33): view('report/detail', [...])
 6 SYSTEMPATH\CodeIgniter.php(941): App\Controllers\Report->detail('2')
 7 SYSTEMPATH\CodeIgniter.php(502): CodeIgniter\CodeIgniter->runController(Object(App\Controllers\Report))
 8 SYSTEMPATH\CodeIgniter.php(361): CodeIgniter\CodeIgniter->handleRequest(null, Object(Config\Cache), false)
 9 FCPATH\index.php(79): CodeIgniter\CodeIgniter->run()
10 SYSTEMPATH\Commands\Server\rewrite.php(47): require_once('C:\\Dokumnt\\web_project2024\\dashmondt-master\\public\\index.php')
CRITICAL - 2024-07-17 05:52:06 --> ErrorException: foreach() argument must be of type array|object, null given
in APPPATH\Views\report\detail.php on line 30.
 1 APPPATH\Views\report\detail.php(30): CodeIgniter\Debug\Exceptions->errorHandler(2, 'foreach() argument must be of type array|object, null given', 'C:\\Dokumnt\\web_project2024\\dashmondt-master\\app\\Views\\report\\detail.php', 30)
 2 SYSTEMPATH\View\View.php(228): include('C:\\Dokumnt\\web_project2024\\dashmondt-master\\app\\Views\\report\\detail.php')
 3 SYSTEMPATH\View\View.php(231): CodeIgniter\View\View->CodeIgniter\View\{closure}()
 4 SYSTEMPATH\Common.php(1178): CodeIgniter\View\View->render('report/detail', [], true)
 5 APPPATH\Controllers\Report.php(33): view('report/detail', [...])
 6 SYSTEMPATH\CodeIgniter.php(941): App\Controllers\Report->detail('4')
 7 SYSTEMPATH\CodeIgniter.php(502): CodeIgniter\CodeIgniter->runController(Object(App\Controllers\Report))
 8 SYSTEMPATH\CodeIgniter.php(361): CodeIgniter\CodeIgniter->handleRequest(null, Object(Config\Cache), false)
 9 FCPATH\index.php(79): CodeIgniter\CodeIgniter->run()
10 SYSTEMPATH\Commands\Server\rewrite.php(47): require_once('C:\\Dokumnt\\web_project2024\\dashmondt-master\\public\\index.php')
CRITICAL - 2024-07-17 05:53:01 --> ErrorException: Undefined variable $dataID
in APPPATH\Views\report\detail.php on line 30.
 1 APPPATH\Views\report\detail.php(30): CodeIgniter\Debug\Exceptions->errorHandler(2, 'Undefined variable $dataID', 'C:\\Dokumnt\\web_project2024\\dashmondt-master\\app\\Views\\report\\detail.php', 30)
 2 SYSTEMPATH\View\View.php(228): include('C:\\Dokumnt\\web_project2024\\dashmondt-master\\app\\Views\\report\\detail.php')
 3 SYSTEMPATH\View\View.php(231): CodeIgniter\View\View->CodeIgniter\View\{closure}()
 4 SYSTEMPATH\Common.php(1178): CodeIgniter\View\View->render('report/detail', [], true)
 5 APPPATH\Controllers\Report.php(30): view('report/detail', [...])
 6 SYSTEMPATH\CodeIgniter.php(941): App\Controllers\Report->detail('2')
 7 SYSTEMPATH\CodeIgniter.php(502): CodeIgniter\CodeIgniter->runController(Object(App\Controllers\Report))
 8 SYSTEMPATH\CodeIgniter.php(361): CodeIgniter\CodeIgniter->handleRequest(null, Object(Config\Cache), false)
 9 FCPATH\index.php(79): CodeIgniter\CodeIgniter->run()
10 SYSTEMPATH\Commands\Server\rewrite.php(47): require_once('C:\\Dokumnt\\web_project2024\\dashmondt-master\\public\\index.php')
CRITICAL - 2024-07-17 05:55:01 --> ParseError: syntax error, unexpected token "endforeach", expecting end of file
in APPPATH\Views\report\index.php on line 17.
 1 SYSTEMPATH\View\View.php(231): CodeIgniter\View\View->CodeIgniter\View\{closure}()
 2 SYSTEMPATH\Common.php(1178): CodeIgniter\View\View->render('report/index', [], true)
 3 APPPATH\Controllers\Report.php(17): view('report/index', [...])
 4 SYSTEMPATH\CodeIgniter.php(941): App\Controllers\Report->index()
 5 SYSTEMPATH\CodeIgniter.php(502): CodeIgniter\CodeIgniter->runController(Object(App\Controllers\Report))
 6 SYSTEMPATH\CodeIgniter.php(361): CodeIgniter\CodeIgniter->handleRequest(null, Object(Config\Cache), false)
 7 FCPATH\index.php(79): CodeIgniter\CodeIgniter->run()
 8 SYSTEMPATH\Commands\Server\rewrite.php(47): require_once('C:\\Dokumnt\\web_project2024\\dashmondt-master\\public\\index.php')
CRITICAL - 2024-07-17 05:57:24 --> ErrorException: Undefined variable $namaproject
in APPPATH\Views\report\index.php on line 16.
 1 APPPATH\Views\report\index.php(16): CodeIgniter\Debug\Exceptions->errorHandler(2, 'Undefined variable $namaproject', 'C:\\Dokumnt\\web_project2024\\dashmondt-master\\app\\Views\\report\\index.php', 16)
 2 SYSTEMPATH\View\View.php(228): include('C:\\Dokumnt\\web_project2024\\dashmondt-master\\app\\Views\\report\\index.php')
 3 SYSTEMPATH\View\View.php(231): CodeIgniter\View\View->CodeIgniter\View\{closure}()
 4 SYSTEMPATH\Common.php(1178): CodeIgniter\View\View->render('report/index', [], true)
 5 APPPATH\Controllers\Report.php(17): view('report/index')
 6 SYSTEMPATH\CodeIgniter.php(941): App\Controllers\Report->index()
 7 SYSTEMPATH\CodeIgniter.php(502): CodeIgniter\CodeIgniter->runController(Object(App\Controllers\Report))
 8 SYSTEMPATH\CodeIgniter.php(361): CodeIgniter\CodeIgniter->handleRequest(null, Object(Config\Cache), false)
 9 FCPATH\index.php(79): CodeIgniter\CodeIgniter->run()
10 SYSTEMPATH\Commands\Server\rewrite.php(47): require_once('C:\\Dokumnt\\web_project2024\\dashmondt-master\\public\\index.php')
CRITICAL - 2024-07-17 06:00:22 --> ErrorException: Undefined variable $row
in APPPATH\Views\report\index.php on line 11.
 1 APPPATH\Views\report\index.php(11): CodeIgniter\Debug\Exceptions->errorHandler(2, 'Undefined variable $row', 'C:\\Dokumnt\\web_project2024\\dashmondt-master\\app\\Views\\report\\index.php', 11)
 2 SYSTEMPATH\View\View.php(228): include('C:\\Dokumnt\\web_project2024\\dashmondt-master\\app\\Views\\report\\index.php')
 3 SYSTEMPATH\View\View.php(231): CodeIgniter\View\View->CodeIgniter\View\{closure}()
 4 SYSTEMPATH\Common.php(1178): CodeIgniter\View\View->render('report/index', [], true)
 5 APPPATH\Controllers\Report.php(17): view('report/index', [...])
 6 SYSTEMPATH\CodeIgniter.php(941): App\Controllers\Report->index()
 7 SYSTEMPATH\CodeIgniter.php(502): CodeIgniter\CodeIgniter->runController(Object(App\Controllers\Report))
 8 SYSTEMPATH\CodeIgniter.php(361): CodeIgniter\CodeIgniter->handleRequest(null, Object(Config\Cache), false)
 9 FCPATH\index.php(79): CodeIgniter\CodeIgniter->run()
10 SYSTEMPATH\Commands\Server\rewrite.php(47): require_once('C:\\Dokumnt\\web_project2024\\dashmondt-master\\public\\index.php')
CRITICAL - 2024-07-17 06:01:12 --> ParseError: syntax error, unexpected end of file
in APPPATH\Views\report\index.php on line 47.
 1 SYSTEMPATH\View\View.php(231): CodeIgniter\View\View->CodeIgniter\View\{closure}()
 2 SYSTEMPATH\Common.php(1178): CodeIgniter\View\View->render('report/index', [], true)
 3 APPPATH\Controllers\Report.php(17): view('report/index', [...])
 4 SYSTEMPATH\CodeIgniter.php(941): App\Controllers\Report->index()
 5 SYSTEMPATH\CodeIgniter.php(502): CodeIgniter\CodeIgniter->runController(Object(App\Controllers\Report))
 6 SYSTEMPATH\CodeIgniter.php(361): CodeIgniter\CodeIgniter->handleRequest(null, Object(Config\Cache), false)
 7 FCPATH\index.php(79): CodeIgniter\CodeIgniter->run()
 8 SYSTEMPATH\Commands\Server\rewrite.php(47): require_once('C:\\Dokumnt\\web_project2024\\dashmondt-master\\public\\index.php')
CRITICAL - 2024-07-17 06:13:36 --> ErrorException: Undefined variable $dataID
in APPPATH\Views\report\detail.php on line 30.
 1 APPPATH\Views\report\detail.php(30): CodeIgniter\Debug\Exceptions->errorHandler(2, 'Undefined variable $dataID', 'C:\\Dokumnt\\web_project2024\\dashmondt-master\\app\\Views\\report\\detail.php', 30)
 2 SYSTEMPATH\View\View.php(228): include('C:\\Dokumnt\\web_project2024\\dashmondt-master\\app\\Views\\report\\detail.php')
 3 SYSTEMPATH\View\View.php(231): CodeIgniter\View\View->CodeIgniter\View\{closure}()
 4 SYSTEMPATH\Common.php(1178): CodeIgniter\View\View->render('report/detail', [], true)
 5 APPPATH\Controllers\Report.php(30): view('report/detail', [...])
 6 SYSTEMPATH\CodeIgniter.php(941): App\Controllers\Report->detail('1')
 7 SYSTEMPATH\CodeIgniter.php(502): CodeIgniter\CodeIgniter->runController(Object(App\Controllers\Report))
 8 SYSTEMPATH\CodeIgniter.php(361): CodeIgniter\CodeIgniter->handleRequest(null, Object(Config\Cache), false)
 9 FCPATH\index.php(79): CodeIgniter\CodeIgniter->run()
10 SYSTEMPATH\Commands\Server\rewrite.php(47): require_once('C:\\Dokumnt\\web_project2024\\dashmondt-master\\public\\index.php')
CRITICAL - 2024-07-17 06:14:36 --> ErrorException: Undefined variable $dataID
in APPPATH\Views\report\detail.php on line 30.
 1 APPPATH\Views\report\detail.php(30): CodeIgniter\Debug\Exceptions->errorHandler(2, 'Undefined variable $dataID', 'C:\\Dokumnt\\web_project2024\\dashmondt-master\\app\\Views\\report\\detail.php', 30)
 2 SYSTEMPATH\View\View.php(228): include('C:\\Dokumnt\\web_project2024\\dashmondt-master\\app\\Views\\report\\detail.php')
 3 SYSTEMPATH\View\View.php(231): CodeIgniter\View\View->CodeIgniter\View\{closure}()
 4 SYSTEMPATH\Common.php(1178): CodeIgniter\View\View->render('report/detail', [], true)
 5 APPPATH\Controllers\Report.php(30): view('report/detail', [...])
 6 SYSTEMPATH\CodeIgniter.php(941): App\Controllers\Report->detail('1')
 7 SYSTEMPATH\CodeIgniter.php(502): CodeIgniter\CodeIgniter->runController(Object(App\Controllers\Report))
 8 SYSTEMPATH\CodeIgniter.php(361): CodeIgniter\CodeIgniter->handleRequest(null, Object(Config\Cache), false)
 9 FCPATH\index.php(79): CodeIgniter\CodeIgniter->run()
10 SYSTEMPATH\Commands\Server\rewrite.php(47): require_once('C:\\Dokumnt\\web_project2024\\dashmondt-master\\public\\index.php')
CRITICAL - 2024-07-17 06:19:19 --> ErrorException: Undefined variable $id
in APPPATH\Controllers\Report.php on line 22.
 1 APPPATH\Controllers\Report.php(22): CodeIgniter\Debug\Exceptions->errorHandler(2, 'Undefined variable $id', 'C:\\Dokumnt\\web_project2024\\dashmondt-master\\app\\Controllers\\Report.php', 22)
 2 SYSTEMPATH\CodeIgniter.php(941): App\Controllers\Report->detail('1')
 3 SYSTEMPATH\CodeIgniter.php(502): CodeIgniter\CodeIgniter->runController(Object(App\Controllers\Report))
 4 SYSTEMPATH\CodeIgniter.php(361): CodeIgniter\CodeIgniter->handleRequest(null, Object(Config\Cache), false)
 5 FCPATH\index.php(79): CodeIgniter\CodeIgniter->run()
 6 SYSTEMPATH\Commands\Server\rewrite.php(47): require_once('C:\\Dokumnt\\web_project2024\\dashmondt-master\\public\\index.php')
ERROR - 2024-07-17 06:19:35 --> mysqli_sql_exception: Unknown column '1' in 'where clause' in C:\Dokumnt\web_project2024\dashmondt-master\system\Database\MySQLi\Connection.php:306
Stack trace:
#0 C:\Dokumnt\web_project2024\dashmondt-master\system\Database\MySQLi\Connection.php(306): mysqli->query('SELECT * FROM p...', 0)
#1 C:\Dokumnt\web_project2024\dashmondt-master\system\Database\BaseConnection.php(693): CodeIgniter\Database\MySQLi\Connection->execute('SELECT * FROM p...')
#2 C:\Dokumnt\web_project2024\dashmondt-master\system\Database\BaseConnection.php(607): CodeIgniter\Database\BaseConnection->simpleQuery('SELECT * FROM p...')
#3 C:\Dokumnt\web_project2024\dashmondt-master\app\Controllers\Report.php(24): CodeIgniter\Database\BaseConnection->query('SELECT * FROM p...')
#4 C:\Dokumnt\web_project2024\dashmondt-master\system\CodeIgniter.php(941): App\Controllers\Report->detail('1')
#5 C:\Dokumnt\web_project2024\dashmondt-master\system\CodeIgniter.php(502): CodeIgniter\CodeIgniter->runController(Object(App\Controllers\Report))
#6 C:\Dokumnt\web_project2024\dashmondt-master\system\CodeIgniter.php(361): CodeIgniter\CodeIgniter->handleRequest(NULL, Object(Config\Cache), false)
#7 C:\Dokumnt\web_project2024\dashmondt-master\public\index.php(79): CodeIgniter\CodeIgniter->run()
#8 C:\Dokumnt\web_project2024\dashmondt-master\system\Commands\Server\rewrite.php(47): require_once('C:\\Dokumnt\\web_...')
#9 {main}
CRITICAL - 2024-07-17 06:19:35 --> CodeIgniter\Database\Exceptions\DatabaseException: Unknown column '1' in 'where clause'
in SYSTEMPATH\Database\BaseConnection.php on line 647.
 1 APPPATH\Controllers\Report.php(24): CodeIgniter\Database\BaseConnection->query('SELECT * FROM project WHERE id= `1` ')
 2 SYSTEMPATH\CodeIgniter.php(941): App\Controllers\Report->detail('1')
 3 SYSTEMPATH\CodeIgniter.php(502): CodeIgniter\CodeIgniter->runController(Object(App\Controllers\Report))
 4 SYSTEMPATH\CodeIgniter.php(361): CodeIgniter\CodeIgniter->handleRequest(null, Object(Config\Cache), false)
 5 FCPATH\index.php(79): CodeIgniter\CodeIgniter->run()
 6 SYSTEMPATH\Commands\Server\rewrite.php(47): require_once('C:\\Dokumnt\\web_project2024\\dashmondt-master\\public\\index.php')
CRITICAL - 2024-07-17 06:19:35 --> [Caused by] CodeIgniter\Database\Exceptions\DatabaseException: Unknown column '1' in 'where clause'
in SYSTEMPATH\Database\MySQLi\Connection.php on line 311.
 1 SYSTEMPATH\Database\BaseConnection.php(693): CodeIgniter\Database\MySQLi\Connection->execute('SELECT * FROM project WHERE id= `1` ')
 2 SYSTEMPATH\Database\BaseConnection.php(607): CodeIgniter\Database\BaseConnection->simpleQuery('SELECT * FROM project WHERE id= `1` ')
 3 APPPATH\Controllers\Report.php(24): CodeIgniter\Database\BaseConnection->query('SELECT * FROM project WHERE id= `1` ')
 4 SYSTEMPATH\CodeIgniter.php(941): App\Controllers\Report->detail('1')
 5 SYSTEMPATH\CodeIgniter.php(502): CodeIgniter\CodeIgniter->runController(Object(App\Controllers\Report))
 6 SYSTEMPATH\CodeIgniter.php(361): CodeIgniter\CodeIgniter->handleRequest(null, Object(Config\Cache), false)
 7 FCPATH\index.php(79): CodeIgniter\CodeIgniter->run()
 8 SYSTEMPATH\Commands\Server\rewrite.php(47): require_once('C:\\Dokumnt\\web_project2024\\dashmondt-master\\public\\index.php')
CRITICAL - 2024-07-17 06:19:35 --> [Caused by] mysqli_sql_exception: Unknown column '1' in 'where clause'
in SYSTEMPATH\Database\MySQLi\Connection.php on line 306.
 1 SYSTEMPATH\Database\MySQLi\Connection.php(306): mysqli->query('SELECT * FROM project WHERE id= `1` ', 0)
 2 SYSTEMPATH\Database\BaseConnection.php(693): CodeIgniter\Database\MySQLi\Connection->execute('SELECT * FROM project WHERE id= `1` ')
 3 SYSTEMPATH\Database\BaseConnection.php(607): CodeIgniter\Database\BaseConnection->simpleQuery('SELECT * FROM project WHERE id= `1` ')
 4 APPPATH\Controllers\Report.php(24): CodeIgniter\Database\BaseConnection->query('SELECT * FROM project WHERE id= `1` ')
 5 SYSTEMPATH\CodeIgniter.php(941): App\Controllers\Report->detail('1')
 6 SYSTEMPATH\CodeIgniter.php(502): CodeIgniter\CodeIgniter->runController(Object(App\Controllers\Report))
 7 SYSTEMPATH\CodeIgniter.php(361): CodeIgniter\CodeIgniter->handleRequest(null, Object(Config\Cache), false)
 8 FCPATH\index.php(79): CodeIgniter\CodeIgniter->run()
 9 SYSTEMPATH\Commands\Server\rewrite.php(47): require_once('C:\\Dokumnt\\web_project2024\\dashmondt-master\\public\\index.php')
ERROR - 2024-07-17 06:20:07 --> mysqli_sql_exception: Unknown column 'id_project' in 'where clause' in C:\Dokumnt\web_project2024\dashmondt-master\system\Database\MySQLi\Connection.php:306
Stack trace:
#0 C:\Dokumnt\web_project2024\dashmondt-master\system\Database\MySQLi\Connection.php(306): mysqli->query('SELECT * FROM p...', 0)
#1 C:\Dokumnt\web_project2024\dashmondt-master\system\Database\BaseConnection.php(693): CodeIgniter\Database\MySQLi\Connection->execute('SELECT * FROM p...')
#2 C:\Dokumnt\web_project2024\dashmondt-master\system\Database\BaseConnection.php(607): CodeIgniter\Database\BaseConnection->simpleQuery('SELECT * FROM p...')
#3 C:\Dokumnt\web_project2024\dashmondt-master\app\Controllers\Report.php(24): CodeIgniter\Database\BaseConnection->query('SELECT * FROM p...')
#4 C:\Dokumnt\web_project2024\dashmondt-master\system\CodeIgniter.php(941): App\Controllers\Report->detail('1')
#5 C:\Dokumnt\web_project2024\dashmondt-master\system\CodeIgniter.php(502): CodeIgniter\CodeIgniter->runController(Object(App\Controllers\Report))
#6 C:\Dokumnt\web_project2024\dashmondt-master\system\CodeIgniter.php(361): CodeIgniter\CodeIgniter->handleRequest(NULL, Object(Config\Cache), false)
#7 C:\Dokumnt\web_project2024\dashmondt-master\public\index.php(79): CodeIgniter\CodeIgniter->run()
#8 C:\Dokumnt\web_project2024\dashmondt-master\system\Commands\Server\rewrite.php(47): require_once('C:\\Dokumnt\\web_...')
#9 {main}
CRITICAL - 2024-07-17 06:20:07 --> CodeIgniter\Database\Exceptions\DatabaseException: Unknown column 'id_project' in 'where clause'
in SYSTEMPATH\Database\BaseConnection.php on line 647.
 1 APPPATH\Controllers\Report.php(24): CodeIgniter\Database\BaseConnection->query('SELECT * FROM project WHERE id_project= `1` ')
 2 SYSTEMPATH\CodeIgniter.php(941): App\Controllers\Report->detail('1')
 3 SYSTEMPATH\CodeIgniter.php(502): CodeIgniter\CodeIgniter->runController(Object(App\Controllers\Report))
 4 SYSTEMPATH\CodeIgniter.php(361): CodeIgniter\CodeIgniter->handleRequest(null, Object(Config\Cache), false)
 5 FCPATH\index.php(79): CodeIgniter\CodeIgniter->run()
 6 SYSTEMPATH\Commands\Server\rewrite.php(47): require_once('C:\\Dokumnt\\web_project2024\\dashmondt-master\\public\\index.php')
CRITICAL - 2024-07-17 06:20:07 --> [Caused by] CodeIgniter\Database\Exceptions\DatabaseException: Unknown column 'id_project' in 'where clause'
in SYSTEMPATH\Database\MySQLi\Connection.php on line 311.
 1 SYSTEMPATH\Database\BaseConnection.php(693): CodeIgniter\Database\MySQLi\Connection->execute('SELECT * FROM project WHERE id_project= `1` ')
 2 SYSTEMPATH\Database\BaseConnection.php(607): CodeIgniter\Database\BaseConnection->simpleQuery('SELECT * FROM project WHERE id_project= `1` ')
 3 APPPATH\Controllers\Report.php(24): CodeIgniter\Database\BaseConnection->query('SELECT * FROM project WHERE id_project= `1` ')
 4 SYSTEMPATH\CodeIgniter.php(941): App\Controllers\Report->detail('1')
 5 SYSTEMPATH\CodeIgniter.php(502): CodeIgniter\CodeIgniter->runController(Object(App\Controllers\Report))
 6 SYSTEMPATH\CodeIgniter.php(361): CodeIgniter\CodeIgniter->handleRequest(null, Object(Config\Cache), false)
 7 FCPATH\index.php(79): CodeIgniter\CodeIgniter->run()
 8 SYSTEMPATH\Commands\Server\rewrite.php(47): require_once('C:\\Dokumnt\\web_project2024\\dashmondt-master\\public\\index.php')
CRITICAL - 2024-07-17 06:20:07 --> [Caused by] mysqli_sql_exception: Unknown column 'id_project' in 'where clause'
in SYSTEMPATH\Database\MySQLi\Connection.php on line 306.
 1 SYSTEMPATH\Database\MySQLi\Connection.php(306): mysqli->query('SELECT * FROM project WHERE id_project= `1` ', 0)
 2 SYSTEMPATH\Database\BaseConnection.php(693): CodeIgniter\Database\MySQLi\Connection->execute('SELECT * FROM project WHERE id_project= `1` ')
 3 SYSTEMPATH\Database\BaseConnection.php(607): CodeIgniter\Database\BaseConnection->simpleQuery('SELECT * FROM project WHERE id_project= `1` ')
 4 APPPATH\Controllers\Report.php(24): CodeIgniter\Database\BaseConnection->query('SELECT * FROM project WHERE id_project= `1` ')
 5 SYSTEMPATH\CodeIgniter.php(941): App\Controllers\Report->detail('1')
 6 SYSTEMPATH\CodeIgniter.php(502): CodeIgniter\CodeIgniter->runController(Object(App\Controllers\Report))
 7 SYSTEMPATH\CodeIgniter.php(361): CodeIgniter\CodeIgniter->handleRequest(null, Object(Config\Cache), false)
 8 FCPATH\index.php(79): CodeIgniter\CodeIgniter->run()
 9 SYSTEMPATH\Commands\Server\rewrite.php(47): require_once('C:\\Dokumnt\\web_project2024\\dashmondt-master\\public\\index.php')
ERROR - 2024-07-17 06:21:30 --> mysqli_sql_exception: Unknown column '2' in 'where clause' in C:\Dokumnt\web_project2024\dashmondt-master\system\Database\MySQLi\Connection.php:306
Stack trace:
#0 C:\Dokumnt\web_project2024\dashmondt-master\system\Database\MySQLi\Connection.php(306): mysqli->query('SELECT * FROM r...', 0)
#1 C:\Dokumnt\web_project2024\dashmondt-master\system\Database\BaseConnection.php(693): CodeIgniter\Database\MySQLi\Connection->execute('SELECT * FROM r...')
#2 C:\Dokumnt\web_project2024\dashmondt-master\system\Database\BaseConnection.php(607): CodeIgniter\Database\BaseConnection->simpleQuery('SELECT * FROM r...')
#3 C:\Dokumnt\web_project2024\dashmondt-master\app\Controllers\Report.php(24): CodeIgniter\Database\BaseConnection->query('SELECT * FROM r...')
#4 C:\Dokumnt\web_project2024\dashmondt-master\system\CodeIgniter.php(941): App\Controllers\Report->detail('2')
#5 C:\Dokumnt\web_project2024\dashmondt-master\system\CodeIgniter.php(502): CodeIgniter\CodeIgniter->runController(Object(App\Controllers\Report))
#6 C:\Dokumnt\web_project2024\dashmondt-master\system\CodeIgniter.php(361): CodeIgniter\CodeIgniter->handleRequest(NULL, Object(Config\Cache), false)
#7 C:\Dokumnt\web_project2024\dashmondt-master\public\index.php(79): CodeIgniter\CodeIgniter->run()
#8 C:\Dokumnt\web_project2024\dashmondt-master\system\Commands\Server\rewrite.php(47): require_once('C:\\Dokumnt\\web_...')
#9 {main}
CRITICAL - 2024-07-17 06:21:30 --> CodeIgniter\Database\Exceptions\DatabaseException: Unknown column '2' in 'where clause'
in SYSTEMPATH\Database\BaseConnection.php on line 647.
 1 APPPATH\Controllers\Report.php(24): CodeIgniter\Database\BaseConnection->query('SELECT * FROM report WHERE idproject= `2` ')
 2 SYSTEMPATH\CodeIgniter.php(941): App\Controllers\Report->detail('2')
 3 SYSTEMPATH\CodeIgniter.php(502): CodeIgniter\CodeIgniter->runController(Object(App\Controllers\Report))
 4 SYSTEMPATH\CodeIgniter.php(361): CodeIgniter\CodeIgniter->handleRequest(null, Object(Config\Cache), false)
 5 FCPATH\index.php(79): CodeIgniter\CodeIgniter->run()
 6 SYSTEMPATH\Commands\Server\rewrite.php(47): require_once('C:\\Dokumnt\\web_project2024\\dashmondt-master\\public\\index.php')
CRITICAL - 2024-07-17 06:21:30 --> [Caused by] CodeIgniter\Database\Exceptions\DatabaseException: Unknown column '2' in 'where clause'
in SYSTEMPATH\Database\MySQLi\Connection.php on line 311.
 1 SYSTEMPATH\Database\BaseConnection.php(693): CodeIgniter\Database\MySQLi\Connection->execute('SELECT * FROM report WHERE idproject= `2` ')
 2 SYSTEMPATH\Database\BaseConnection.php(607): CodeIgniter\Database\BaseConnection->simpleQuery('SELECT * FROM report WHERE idproject= `2` ')
 3 APPPATH\Controllers\Report.php(24): CodeIgniter\Database\BaseConnection->query('SELECT * FROM report WHERE idproject= `2` ')
 4 SYSTEMPATH\CodeIgniter.php(941): App\Controllers\Report->detail('2')
 5 SYSTEMPATH\CodeIgniter.php(502): CodeIgniter\CodeIgniter->runController(Object(App\Controllers\Report))
 6 SYSTEMPATH\CodeIgniter.php(361): CodeIgniter\CodeIgniter->handleRequest(null, Object(Config\Cache), false)
 7 FCPATH\index.php(79): CodeIgniter\CodeIgniter->run()
 8 SYSTEMPATH\Commands\Server\rewrite.php(47): require_once('C:\\Dokumnt\\web_project2024\\dashmondt-master\\public\\index.php')
CRITICAL - 2024-07-17 06:21:30 --> [Caused by] mysqli_sql_exception: Unknown column '2' in 'where clause'
in SYSTEMPATH\Database\MySQLi\Connection.php on line 306.
 1 SYSTEMPATH\Database\MySQLi\Connection.php(306): mysqli->query('SELECT * FROM report WHERE idproject= `2` ', 0)
 2 SYSTEMPATH\Database\BaseConnection.php(693): CodeIgniter\Database\MySQLi\Connection->execute('SELECT * FROM report WHERE idproject= `2` ')
 3 SYSTEMPATH\Database\BaseConnection.php(607): CodeIgniter\Database\BaseConnection->simpleQuery('SELECT * FROM report WHERE idproject= `2` ')
 4 APPPATH\Controllers\Report.php(24): CodeIgniter\Database\BaseConnection->query('SELECT * FROM report WHERE idproject= `2` ')
 5 SYSTEMPATH\CodeIgniter.php(941): App\Controllers\Report->detail('2')
 6 SYSTEMPATH\CodeIgniter.php(502): CodeIgniter\CodeIgniter->runController(Object(App\Controllers\Report))
 7 SYSTEMPATH\CodeIgniter.php(361): CodeIgniter\CodeIgniter->handleRequest(null, Object(Config\Cache), false)
 8 FCPATH\index.php(79): CodeIgniter\CodeIgniter->run()
 9 SYSTEMPATH\Commands\Server\rewrite.php(47): require_once('C:\\Dokumnt\\web_project2024\\dashmondt-master\\public\\index.php')
ERROR - 2024-07-17 06:22:52 --> mysqli_sql_exception: Unknown column '1' in 'where clause' in C:\Dokumnt\web_project2024\dashmondt-master\system\Database\MySQLi\Connection.php:306
Stack trace:
#0 C:\Dokumnt\web_project2024\dashmondt-master\system\Database\MySQLi\Connection.php(306): mysqli->query('SELECT * FROM r...', 0)
#1 C:\Dokumnt\web_project2024\dashmondt-master\system\Database\BaseConnection.php(693): CodeIgniter\Database\MySQLi\Connection->execute('SELECT * FROM r...')
#2 C:\Dokumnt\web_project2024\dashmondt-master\system\Database\BaseConnection.php(607): CodeIgniter\Database\BaseConnection->simpleQuery('SELECT * FROM r...')
#3 C:\Dokumnt\web_project2024\dashmondt-master\app\Controllers\Report.php(24): CodeIgniter\Database\BaseConnection->query('SELECT * FROM r...')
#4 C:\Dokumnt\web_project2024\dashmondt-master\system\CodeIgniter.php(941): App\Controllers\Report->detail('1')
#5 C:\Dokumnt\web_project2024\dashmondt-master\system\CodeIgniter.php(502): CodeIgniter\CodeIgniter->runController(Object(App\Controllers\Report))
#6 C:\Dokumnt\web_project2024\dashmondt-master\system\CodeIgniter.php(361): CodeIgniter\CodeIgniter->handleRequest(NULL, Object(Config\Cache), false)
#7 C:\Dokumnt\web_project2024\dashmondt-master\public\index.php(79): CodeIgniter\CodeIgniter->run()
#8 C:\Dokumnt\web_project2024\dashmondt-master\system\Commands\Server\rewrite.php(47): require_once('C:\\Dokumnt\\web_...')
#9 {main}
CRITICAL - 2024-07-17 06:22:52 --> CodeIgniter\Database\Exceptions\DatabaseException: Unknown column '1' in 'where clause'
in SYSTEMPATH\Database\BaseConnection.php on line 647.
 1 APPPATH\Controllers\Report.php(24): CodeIgniter\Database\BaseConnection->query('SELECT * FROM report WHERE idproject= `1` ')
 2 SYSTEMPATH\CodeIgniter.php(941): App\Controllers\Report->detail('1')
 3 SYSTEMPATH\CodeIgniter.php(502): CodeIgniter\CodeIgniter->runController(Object(App\Controllers\Report))
 4 SYSTEMPATH\CodeIgniter.php(361): CodeIgniter\CodeIgniter->handleRequest(null, Object(Config\Cache), false)
 5 FCPATH\index.php(79): CodeIgniter\CodeIgniter->run()
 6 SYSTEMPATH\Commands\Server\rewrite.php(47): require_once('C:\\Dokumnt\\web_project2024\\dashmondt-master\\public\\index.php')
CRITICAL - 2024-07-17 06:22:52 --> [Caused by] CodeIgniter\Database\Exceptions\DatabaseException: Unknown column '1' in 'where clause'
in SYSTEMPATH\Database\MySQLi\Connection.php on line 311.
 1 SYSTEMPATH\Database\BaseConnection.php(693): CodeIgniter\Database\MySQLi\Connection->execute('SELECT * FROM report WHERE idproject= `1` ')
 2 SYSTEMPATH\Database\BaseConnection.php(607): CodeIgniter\Database\BaseConnection->simpleQuery('SELECT * FROM report WHERE idproject= `1` ')
 3 APPPATH\Controllers\Report.php(24): CodeIgniter\Database\BaseConnection->query('SELECT * FROM report WHERE idproject= `1` ')
 4 SYSTEMPATH\CodeIgniter.php(941): App\Controllers\Report->detail('1')
 5 SYSTEMPATH\CodeIgniter.php(502): CodeIgniter\CodeIgniter->runController(Object(App\Controllers\Report))
 6 SYSTEMPATH\CodeIgniter.php(361): CodeIgniter\CodeIgniter->handleRequest(null, Object(Config\Cache), false)
 7 FCPATH\index.php(79): CodeIgniter\CodeIgniter->run()
 8 SYSTEMPATH\Commands\Server\rewrite.php(47): require_once('C:\\Dokumnt\\web_project2024\\dashmondt-master\\public\\index.php')
CRITICAL - 2024-07-17 06:22:52 --> [Caused by] mysqli_sql_exception: Unknown column '1' in 'where clause'
in SYSTEMPATH\Database\MySQLi\Connection.php on line 306.
 1 SYSTEMPATH\Database\MySQLi\Connection.php(306): mysqli->query('SELECT * FROM report WHERE idproject= `1` ', 0)
 2 SYSTEMPATH\Database\BaseConnection.php(693): CodeIgniter\Database\MySQLi\Connection->execute('SELECT * FROM report WHERE idproject= `1` ')
 3 SYSTEMPATH\Database\BaseConnection.php(607): CodeIgniter\Database\BaseConnection->simpleQuery('SELECT * FROM report WHERE idproject= `1` ')
 4 APPPATH\Controllers\Report.php(24): CodeIgniter\Database\BaseConnection->query('SELECT * FROM report WHERE idproject= `1` ')
 5 SYSTEMPATH\CodeIgniter.php(941): App\Controllers\Report->detail('1')
 6 SYSTEMPATH\CodeIgniter.php(502): CodeIgniter\CodeIgniter->runController(Object(App\Controllers\Report))
 7 SYSTEMPATH\CodeIgniter.php(361): CodeIgniter\CodeIgniter->handleRequest(null, Object(Config\Cache), false)
 8 FCPATH\index.php(79): CodeIgniter\CodeIgniter->run()
 9 SYSTEMPATH\Commands\Server\rewrite.php(47): require_once('C:\\Dokumnt\\web_project2024\\dashmondt-master\\public\\index.php')
ERROR - 2024-07-17 06:23:30 --> mysqli_sql_exception: Unknown column '4' in 'where clause' in C:\Dokumnt\web_project2024\dashmondt-master\system\Database\MySQLi\Connection.php:306
Stack trace:
#0 C:\Dokumnt\web_project2024\dashmondt-master\system\Database\MySQLi\Connection.php(306): mysqli->query('SELECT * FROM r...', 0)
#1 C:\Dokumnt\web_project2024\dashmondt-master\system\Database\BaseConnection.php(693): CodeIgniter\Database\MySQLi\Connection->execute('SELECT * FROM r...')
#2 C:\Dokumnt\web_project2024\dashmondt-master\system\Database\BaseConnection.php(607): CodeIgniter\Database\BaseConnection->simpleQuery('SELECT * FROM r...')
#3 C:\Dokumnt\web_project2024\dashmondt-master\app\Controllers\Report.php(24): CodeIgniter\Database\BaseConnection->query('SELECT * FROM r...')
#4 C:\Dokumnt\web_project2024\dashmondt-master\system\CodeIgniter.php(941): App\Controllers\Report->detail('4')
#5 C:\Dokumnt\web_project2024\dashmondt-master\system\CodeIgniter.php(502): CodeIgniter\CodeIgniter->runController(Object(App\Controllers\Report))
#6 C:\Dokumnt\web_project2024\dashmondt-master\system\CodeIgniter.php(361): CodeIgniter\CodeIgniter->handleRequest(NULL, Object(Config\Cache), false)
#7 C:\Dokumnt\web_project2024\dashmondt-master\public\index.php(79): CodeIgniter\CodeIgniter->run()
#8 C:\Dokumnt\web_project2024\dashmondt-master\system\Commands\Server\rewrite.php(47): require_once('C:\\Dokumnt\\web_...')
#9 {main}
CRITICAL - 2024-07-17 06:23:30 --> CodeIgniter\Database\Exceptions\DatabaseException: Unknown column '4' in 'where clause'
in SYSTEMPATH\Database\BaseConnection.php on line 647.
 1 APPPATH\Controllers\Report.php(24): CodeIgniter\Database\BaseConnection->query('SELECT * FROM report WHERE idproject= `4` ')
 2 SYSTEMPATH\CodeIgniter.php(941): App\Controllers\Report->detail('4')
 3 SYSTEMPATH\CodeIgniter.php(502): CodeIgniter\CodeIgniter->runController(Object(App\Controllers\Report))
 4 SYSTEMPATH\CodeIgniter.php(361): CodeIgniter\CodeIgniter->handleRequest(null, Object(Config\Cache), false)
 5 FCPATH\index.php(79): CodeIgniter\CodeIgniter->run()
 6 SYSTEMPATH\Commands\Server\rewrite.php(47): require_once('C:\\Dokumnt\\web_project2024\\dashmondt-master\\public\\index.php')
CRITICAL - 2024-07-17 06:23:30 --> [Caused by] CodeIgniter\Database\Exceptions\DatabaseException: Unknown column '4' in 'where clause'
in SYSTEMPATH\Database\MySQLi\Connection.php on line 311.
 1 SYSTEMPATH\Database\BaseConnection.php(693): CodeIgniter\Database\MySQLi\Connection->execute('SELECT * FROM report WHERE idproject= `4` ')
 2 SYSTEMPATH\Database\BaseConnection.php(607): CodeIgniter\Database\BaseConnection->simpleQuery('SELECT * FROM report WHERE idproject= `4` ')
 3 APPPATH\Controllers\Report.php(24): CodeIgniter\Database\BaseConnection->query('SELECT * FROM report WHERE idproject= `4` ')
 4 SYSTEMPATH\CodeIgniter.php(941): App\Controllers\Report->detail('4')
 5 SYSTEMPATH\CodeIgniter.php(502): CodeIgniter\CodeIgniter->runController(Object(App\Controllers\Report))
 6 SYSTEMPATH\CodeIgniter.php(361): CodeIgniter\CodeIgniter->handleRequest(null, Object(Config\Cache), false)
 7 FCPATH\index.php(79): CodeIgniter\CodeIgniter->run()
 8 SYSTEMPATH\Commands\Server\rewrite.php(47): require_once('C:\\Dokumnt\\web_project2024\\dashmondt-master\\public\\index.php')
CRITICAL - 2024-07-17 06:23:30 --> [Caused by] mysqli_sql_exception: Unknown column '4' in 'where clause'
in SYSTEMPATH\Database\MySQLi\Connection.php on line 306.
 1 SYSTEMPATH\Database\MySQLi\Connection.php(306): mysqli->query('SELECT * FROM report WHERE idproject= `4` ', 0)
 2 SYSTEMPATH\Database\BaseConnection.php(693): CodeIgniter\Database\MySQLi\Connection->execute('SELECT * FROM report WHERE idproject= `4` ')
 3 SYSTEMPATH\Database\BaseConnection.php(607): CodeIgniter\Database\BaseConnection->simpleQuery('SELECT * FROM report WHERE idproject= `4` ')
 4 APPPATH\Controllers\Report.php(24): CodeIgniter\Database\BaseConnection->query('SELECT * FROM report WHERE idproject= `4` ')
 5 SYSTEMPATH\CodeIgniter.php(941): App\Controllers\Report->detail('4')
 6 SYSTEMPATH\CodeIgniter.php(502): CodeIgniter\CodeIgniter->runController(Object(App\Controllers\Report))
 7 SYSTEMPATH\CodeIgniter.php(361): CodeIgniter\CodeIgniter->handleRequest(null, Object(Config\Cache), false)
 8 FCPATH\index.php(79): CodeIgniter\CodeIgniter->run()
 9 SYSTEMPATH\Commands\Server\rewrite.php(47): require_once('C:\\Dokumnt\\web_project2024\\dashmondt-master\\public\\index.php')
ERROR - 2024-07-17 06:23:47 --> mysqli_sql_exception: Unknown column '2' in 'where clause' in C:\Dokumnt\web_project2024\dashmondt-master\system\Database\MySQLi\Connection.php:306
Stack trace:
#0 C:\Dokumnt\web_project2024\dashmondt-master\system\Database\MySQLi\Connection.php(306): mysqli->query('SELECT * FROM r...', 0)
#1 C:\Dokumnt\web_project2024\dashmondt-master\system\Database\BaseConnection.php(693): CodeIgniter\Database\MySQLi\Connection->execute('SELECT * FROM r...')
#2 C:\Dokumnt\web_project2024\dashmondt-master\system\Database\BaseConnection.php(607): CodeIgniter\Database\BaseConnection->simpleQuery('SELECT * FROM r...')
#3 C:\Dokumnt\web_project2024\dashmondt-master\app\Controllers\Report.php(24): CodeIgniter\Database\BaseConnection->query('SELECT * FROM r...')
#4 C:\Dokumnt\web_project2024\dashmondt-master\system\CodeIgniter.php(941): App\Controllers\Report->detail('2')
#5 C:\Dokumnt\web_project2024\dashmondt-master\system\CodeIgniter.php(502): CodeIgniter\CodeIgniter->runController(Object(App\Controllers\Report))
#6 C:\Dokumnt\web_project2024\dashmondt-master\system\CodeIgniter.php(361): CodeIgniter\CodeIgniter->handleRequest(NULL, Object(Config\Cache), false)
#7 C:\Dokumnt\web_project2024\dashmondt-master\public\index.php(79): CodeIgniter\CodeIgniter->run()
#8 C:\Dokumnt\web_project2024\dashmondt-master\system\Commands\Server\rewrite.php(47): require_once('C:\\Dokumnt\\web_...')
#9 {main}
CRITICAL - 2024-07-17 06:23:47 --> CodeIgniter\Database\Exceptions\DatabaseException: Unknown column '2' in 'where clause'
in SYSTEMPATH\Database\BaseConnection.php on line 647.
 1 APPPATH\Controllers\Report.php(24): CodeIgniter\Database\BaseConnection->query('SELECT * FROM report WHERE idproject= `2` ')
 2 SYSTEMPATH\CodeIgniter.php(941): App\Controllers\Report->detail('2')
 3 SYSTEMPATH\CodeIgniter.php(502): CodeIgniter\CodeIgniter->runController(Object(App\Controllers\Report))
 4 SYSTEMPATH\CodeIgniter.php(361): CodeIgniter\CodeIgniter->handleRequest(null, Object(Config\Cache), false)
 5 FCPATH\index.php(79): CodeIgniter\CodeIgniter->run()
 6 SYSTEMPATH\Commands\Server\rewrite.php(47): require_once('C:\\Dokumnt\\web_project2024\\dashmondt-master\\public\\index.php')
CRITICAL - 2024-07-17 06:23:47 --> [Caused by] CodeIgniter\Database\Exceptions\DatabaseException: Unknown column '2' in 'where clause'
in SYSTEMPATH\Database\MySQLi\Connection.php on line 311.
 1 SYSTEMPATH\Database\BaseConnection.php(693): CodeIgniter\Database\MySQLi\Connection->execute('SELECT * FROM report WHERE idproject= `2` ')
 2 SYSTEMPATH\Database\BaseConnection.php(607): CodeIgniter\Database\BaseConnection->simpleQuery('SELECT * FROM report WHERE idproject= `2` ')
 3 APPPATH\Controllers\Report.php(24): CodeIgniter\Database\BaseConnection->query('SELECT * FROM report WHERE idproject= `2` ')
 4 SYSTEMPATH\CodeIgniter.php(941): App\Controllers\Report->detail('2')
 5 SYSTEMPATH\CodeIgniter.php(502): CodeIgniter\CodeIgniter->runController(Object(App\Controllers\Report))
 6 SYSTEMPATH\CodeIgniter.php(361): CodeIgniter\CodeIgniter->handleRequest(null, Object(Config\Cache), false)
 7 FCPATH\index.php(79): CodeIgniter\CodeIgniter->run()
 8 SYSTEMPATH\Commands\Server\rewrite.php(47): require_once('C:\\Dokumnt\\web_project2024\\dashmondt-master\\public\\index.php')
CRITICAL - 2024-07-17 06:23:47 --> [Caused by] mysqli_sql_exception: Unknown column '2' in 'where clause'
in SYSTEMPATH\Database\MySQLi\Connection.php on line 306.
 1 SYSTEMPATH\Database\MySQLi\Connection.php(306): mysqli->query('SELECT * FROM report WHERE idproject= `2` ', 0)
 2 SYSTEMPATH\Database\BaseConnection.php(693): CodeIgniter\Database\MySQLi\Connection->execute('SELECT * FROM report WHERE idproject= `2` ')
 3 SYSTEMPATH\Database\BaseConnection.php(607): CodeIgniter\Database\BaseConnection->simpleQuery('SELECT * FROM report WHERE idproject= `2` ')
 4 APPPATH\Controllers\Report.php(24): CodeIgniter\Database\BaseConnection->query('SELECT * FROM report WHERE idproject= `2` ')
 5 SYSTEMPATH\CodeIgniter.php(941): App\Controllers\Report->detail('2')
 6 SYSTEMPATH\CodeIgniter.php(502): CodeIgniter\CodeIgniter->runController(Object(App\Controllers\Report))
 7 SYSTEMPATH\CodeIgniter.php(361): CodeIgniter\CodeIgniter->handleRequest(null, Object(Config\Cache), false)
 8 FCPATH\index.php(79): CodeIgniter\CodeIgniter->run()
 9 SYSTEMPATH\Commands\Server\rewrite.php(47): require_once('C:\\Dokumnt\\web_project2024\\dashmondt-master\\public\\index.php')
ERROR - 2024-07-17 06:28:27 --> mysqli_sql_exception: Unknown column '2' in 'where clause' in C:\Dokumnt\web_project2024\dashmondt-master\system\Database\MySQLi\Connection.php:306
Stack trace:
#0 C:\Dokumnt\web_project2024\dashmondt-master\system\Database\MySQLi\Connection.php(306): mysqli->query('SELECT * FROM r...', 0)
#1 C:\Dokumnt\web_project2024\dashmondt-master\system\Database\BaseConnection.php(693): CodeIgniter\Database\MySQLi\Connection->execute('SELECT * FROM r...')
#2 C:\Dokumnt\web_project2024\dashmondt-master\system\Database\BaseConnection.php(607): CodeIgniter\Database\BaseConnection->simpleQuery('SELECT * FROM r...')
#3 C:\Dokumnt\web_project2024\dashmondt-master\app\Controllers\Report.php(24): CodeIgniter\Database\BaseConnection->query('SELECT * FROM r...')
#4 C:\Dokumnt\web_project2024\dashmondt-master\system\CodeIgniter.php(941): App\Controllers\Report->detail('2')
#5 C:\Dokumnt\web_project2024\dashmondt-master\system\CodeIgniter.php(502): CodeIgniter\CodeIgniter->runController(Object(App\Controllers\Report))
#6 C:\Dokumnt\web_project2024\dashmondt-master\system\CodeIgniter.php(361): CodeIgniter\CodeIgniter->handleRequest(NULL, Object(Config\Cache), false)
#7 C:\Dokumnt\web_project2024\dashmondt-master\public\index.php(79): CodeIgniter\CodeIgniter->run()
#8 C:\Dokumnt\web_project2024\dashmondt-master\system\Commands\Server\rewrite.php(47): require_once('C:\\Dokumnt\\web_...')
#9 {main}
CRITICAL - 2024-07-17 06:28:27 --> CodeIgniter\Database\Exceptions\DatabaseException: Unknown column '2' in 'where clause'
in SYSTEMPATH\Database\BaseConnection.php on line 647.
 1 APPPATH\Controllers\Report.php(24): CodeIgniter\Database\BaseConnection->query('SELECT * FROM report WHERE idproject= `2` ')
 2 SYSTEMPATH\CodeIgniter.php(941): App\Controllers\Report->detail('2')
 3 SYSTEMPATH\CodeIgniter.php(502): CodeIgniter\CodeIgniter->runController(Object(App\Controllers\Report))
 4 SYSTEMPATH\CodeIgniter.php(361): CodeIgniter\CodeIgniter->handleRequest(null, Object(Config\Cache), false)
 5 FCPATH\index.php(79): CodeIgniter\CodeIgniter->run()
 6 SYSTEMPATH\Commands\Server\rewrite.php(47): require_once('C:\\Dokumnt\\web_project2024\\dashmondt-master\\public\\index.php')
CRITICAL - 2024-07-17 06:28:27 --> [Caused by] CodeIgniter\Database\Exceptions\DatabaseException: Unknown column '2' in 'where clause'
in SYSTEMPATH\Database\MySQLi\Connection.php on line 311.
 1 SYSTEMPATH\Database\BaseConnection.php(693): CodeIgniter\Database\MySQLi\Connection->execute('SELECT * FROM report WHERE idproject= `2` ')
 2 SYSTEMPATH\Database\BaseConnection.php(607): CodeIgniter\Database\BaseConnection->simpleQuery('SELECT * FROM report WHERE idproject= `2` ')
 3 APPPATH\Controllers\Report.php(24): CodeIgniter\Database\BaseConnection->query('SELECT * FROM report WHERE idproject= `2` ')
 4 SYSTEMPATH\CodeIgniter.php(941): App\Controllers\Report->detail('2')
 5 SYSTEMPATH\CodeIgniter.php(502): CodeIgniter\CodeIgniter->runController(Object(App\Controllers\Report))
 6 SYSTEMPATH\CodeIgniter.php(361): CodeIgniter\CodeIgniter->handleRequest(null, Object(Config\Cache), false)
 7 FCPATH\index.php(79): CodeIgniter\CodeIgniter->run()
 8 SYSTEMPATH\Commands\Server\rewrite.php(47): require_once('C:\\Dokumnt\\web_project2024\\dashmondt-master\\public\\index.php')
CRITICAL - 2024-07-17 06:28:27 --> [Caused by] mysqli_sql_exception: Unknown column '2' in 'where clause'
in SYSTEMPATH\Database\MySQLi\Connection.php on line 306.
 1 SYSTEMPATH\Database\MySQLi\Connection.php(306): mysqli->query('SELECT * FROM report WHERE idproject= `2` ', 0)
 2 SYSTEMPATH\Database\BaseConnection.php(693): CodeIgniter\Database\MySQLi\Connection->execute('SELECT * FROM report WHERE idproject= `2` ')
 3 SYSTEMPATH\Database\BaseConnection.php(607): CodeIgniter\Database\BaseConnection->simpleQuery('SELECT * FROM report WHERE idproject= `2` ')
 4 APPPATH\Controllers\Report.php(24): CodeIgniter\Database\BaseConnection->query('SELECT * FROM report WHERE idproject= `2` ')
 5 SYSTEMPATH\CodeIgniter.php(941): App\Controllers\Report->detail('2')
 6 SYSTEMPATH\CodeIgniter.php(502): CodeIgniter\CodeIgniter->runController(Object(App\Controllers\Report))
 7 SYSTEMPATH\CodeIgniter.php(361): CodeIgniter\CodeIgniter->handleRequest(null, Object(Config\Cache), false)
 8 FCPATH\index.php(79): CodeIgniter\CodeIgniter->run()
 9 SYSTEMPATH\Commands\Server\rewrite.php(47): require_once('C:\\Dokumnt\\web_project2024\\dashmondt-master\\public\\index.php')
ERROR - 2024-07-17 06:28:32 --> mysqli_sql_exception: Unknown column '2' in 'where clause' in C:\Dokumnt\web_project2024\dashmondt-master\system\Database\MySQLi\Connection.php:306
Stack trace:
#0 C:\Dokumnt\web_project2024\dashmondt-master\system\Database\MySQLi\Connection.php(306): mysqli->query('SELECT * FROM r...', 0)
#1 C:\Dokumnt\web_project2024\dashmondt-master\system\Database\BaseConnection.php(693): CodeIgniter\Database\MySQLi\Connection->execute('SELECT * FROM r...')
#2 C:\Dokumnt\web_project2024\dashmondt-master\system\Database\BaseConnection.php(607): CodeIgniter\Database\BaseConnection->simpleQuery('SELECT * FROM r...')
#3 C:\Dokumnt\web_project2024\dashmondt-master\app\Controllers\Report.php(24): CodeIgniter\Database\BaseConnection->query('SELECT * FROM r...')
#4 C:\Dokumnt\web_project2024\dashmondt-master\system\CodeIgniter.php(941): App\Controllers\Report->detail('2')
#5 C:\Dokumnt\web_project2024\dashmondt-master\system\CodeIgniter.php(502): CodeIgniter\CodeIgniter->runController(Object(App\Controllers\Report))
#6 C:\Dokumnt\web_project2024\dashmondt-master\system\CodeIgniter.php(361): CodeIgniter\CodeIgniter->handleRequest(NULL, Object(Config\Cache), false)
#7 C:\Dokumnt\web_project2024\dashmondt-master\public\index.php(79): CodeIgniter\CodeIgniter->run()
#8 C:\Dokumnt\web_project2024\dashmondt-master\system\Commands\Server\rewrite.php(47): require_once('C:\\Dokumnt\\web_...')
#9 {main}
CRITICAL - 2024-07-17 06:28:32 --> CodeIgniter\Database\Exceptions\DatabaseException: Unknown column '2' in 'where clause'
in SYSTEMPATH\Database\BaseConnection.php on line 647.
 1 APPPATH\Controllers\Report.php(24): CodeIgniter\Database\BaseConnection->query('SELECT * FROM report WHERE idproject= `2` ')
 2 SYSTEMPATH\CodeIgniter.php(941): App\Controllers\Report->detail('2')
 3 SYSTEMPATH\CodeIgniter.php(502): CodeIgniter\CodeIgniter->runController(Object(App\Controllers\Report))
 4 SYSTEMPATH\CodeIgniter.php(361): CodeIgniter\CodeIgniter->handleRequest(null, Object(Config\Cache), false)
 5 FCPATH\index.php(79): CodeIgniter\CodeIgniter->run()
 6 SYSTEMPATH\Commands\Server\rewrite.php(47): require_once('C:\\Dokumnt\\web_project2024\\dashmondt-master\\public\\index.php')
CRITICAL - 2024-07-17 06:28:32 --> [Caused by] CodeIgniter\Database\Exceptions\DatabaseException: Unknown column '2' in 'where clause'
in SYSTEMPATH\Database\MySQLi\Connection.php on line 311.
 1 SYSTEMPATH\Database\BaseConnection.php(693): CodeIgniter\Database\MySQLi\Connection->execute('SELECT * FROM report WHERE idproject= `2` ')
 2 SYSTEMPATH\Database\BaseConnection.php(607): CodeIgniter\Database\BaseConnection->simpleQuery('SELECT * FROM report WHERE idproject= `2` ')
 3 APPPATH\Controllers\Report.php(24): CodeIgniter\Database\BaseConnection->query('SELECT * FROM report WHERE idproject= `2` ')
 4 SYSTEMPATH\CodeIgniter.php(941): App\Controllers\Report->detail('2')
 5 SYSTEMPATH\CodeIgniter.php(502): CodeIgniter\CodeIgniter->runController(Object(App\Controllers\Report))
 6 SYSTEMPATH\CodeIgniter.php(361): CodeIgniter\CodeIgniter->handleRequest(null, Object(Config\Cache), false)
 7 FCPATH\index.php(79): CodeIgniter\CodeIgniter->run()
 8 SYSTEMPATH\Commands\Server\rewrite.php(47): require_once('C:\\Dokumnt\\web_project2024\\dashmondt-master\\public\\index.php')
CRITICAL - 2024-07-17 06:28:32 --> [Caused by] mysqli_sql_exception: Unknown column '2' in 'where clause'
in SYSTEMPATH\Database\MySQLi\Connection.php on line 306.
 1 SYSTEMPATH\Database\MySQLi\Connection.php(306): mysqli->query('SELECT * FROM report WHERE idproject= `2` ', 0)
 2 SYSTEMPATH\Database\BaseConnection.php(693): CodeIgniter\Database\MySQLi\Connection->execute('SELECT * FROM report WHERE idproject= `2` ')
 3 SYSTEMPATH\Database\BaseConnection.php(607): CodeIgniter\Database\BaseConnection->simpleQuery('SELECT * FROM report WHERE idproject= `2` ')
 4 APPPATH\Controllers\Report.php(24): CodeIgniter\Database\BaseConnection->query('SELECT * FROM report WHERE idproject= `2` ')
 5 SYSTEMPATH\CodeIgniter.php(941): App\Controllers\Report->detail('2')
 6 SYSTEMPATH\CodeIgniter.php(502): CodeIgniter\CodeIgniter->runController(Object(App\Controllers\Report))
 7 SYSTEMPATH\CodeIgniter.php(361): CodeIgniter\CodeIgniter->handleRequest(null, Object(Config\Cache), false)
 8 FCPATH\index.php(79): CodeIgniter\CodeIgniter->run()
 9 SYSTEMPATH\Commands\Server\rewrite.php(47): require_once('C:\\Dokumnt\\web_project2024\\dashmondt-master\\public\\index.php')
ERROR - 2024-07-17 06:29:03 --> mysqli_sql_exception: Unknown column '2' in 'where clause' in C:\Dokumnt\web_project2024\dashmondt-master\system\Database\MySQLi\Connection.php:306
Stack trace:
#0 C:\Dokumnt\web_project2024\dashmondt-master\system\Database\MySQLi\Connection.php(306): mysqli->query('SELECT * FROM r...', 0)
#1 C:\Dokumnt\web_project2024\dashmondt-master\system\Database\BaseConnection.php(693): CodeIgniter\Database\MySQLi\Connection->execute('SELECT * FROM r...')
#2 C:\Dokumnt\web_project2024\dashmondt-master\system\Database\BaseConnection.php(607): CodeIgniter\Database\BaseConnection->simpleQuery('SELECT * FROM r...')
#3 C:\Dokumnt\web_project2024\dashmondt-master\app\Controllers\Report.php(24): CodeIgniter\Database\BaseConnection->query('SELECT * FROM r...')
#4 C:\Dokumnt\web_project2024\dashmondt-master\system\CodeIgniter.php(941): App\Controllers\Report->detail('2')
#5 C:\Dokumnt\web_project2024\dashmondt-master\system\CodeIgniter.php(502): CodeIgniter\CodeIgniter->runController(Object(App\Controllers\Report))
#6 C:\Dokumnt\web_project2024\dashmondt-master\system\CodeIgniter.php(361): CodeIgniter\CodeIgniter->handleRequest(NULL, Object(Config\Cache), false)
#7 C:\Dokumnt\web_project2024\dashmondt-master\public\index.php(79): CodeIgniter\CodeIgniter->run()
#8 C:\Dokumnt\web_project2024\dashmondt-master\system\Commands\Server\rewrite.php(47): require_once('C:\\Dokumnt\\web_...')
#9 {main}
CRITICAL - 2024-07-17 06:29:03 --> CodeIgniter\Database\Exceptions\DatabaseException: Unknown column '2' in 'where clause'
in SYSTEMPATH\Database\BaseConnection.php on line 647.
 1 APPPATH\Controllers\Report.php(24): CodeIgniter\Database\BaseConnection->query('SELECT * FROM report WHERE idproject= `2` ')
 2 SYSTEMPATH\CodeIgniter.php(941): App\Controllers\Report->detail('2')
 3 SYSTEMPATH\CodeIgniter.php(502): CodeIgniter\CodeIgniter->runController(Object(App\Controllers\Report))
 4 SYSTEMPATH\CodeIgniter.php(361): CodeIgniter\CodeIgniter->handleRequest(null, Object(Config\Cache), false)
 5 FCPATH\index.php(79): CodeIgniter\CodeIgniter->run()
 6 SYSTEMPATH\Commands\Server\rewrite.php(47): require_once('C:\\Dokumnt\\web_project2024\\dashmondt-master\\public\\index.php')
CRITICAL - 2024-07-17 06:29:03 --> [Caused by] CodeIgniter\Database\Exceptions\DatabaseException: Unknown column '2' in 'where clause'
in SYSTEMPATH\Database\MySQLi\Connection.php on line 311.
 1 SYSTEMPATH\Database\BaseConnection.php(693): CodeIgniter\Database\MySQLi\Connection->execute('SELECT * FROM report WHERE idproject= `2` ')
 2 SYSTEMPATH\Database\BaseConnection.php(607): CodeIgniter\Database\BaseConnection->simpleQuery('SELECT * FROM report WHERE idproject= `2` ')
 3 APPPATH\Controllers\Report.php(24): CodeIgniter\Database\BaseConnection->query('SELECT * FROM report WHERE idproject= `2` ')
 4 SYSTEMPATH\CodeIgniter.php(941): App\Controllers\Report->detail('2')
 5 SYSTEMPATH\CodeIgniter.php(502): CodeIgniter\CodeIgniter->runController(Object(App\Controllers\Report))
 6 SYSTEMPATH\CodeIgniter.php(361): CodeIgniter\CodeIgniter->handleRequest(null, Object(Config\Cache), false)
 7 FCPATH\index.php(79): CodeIgniter\CodeIgniter->run()
 8 SYSTEMPATH\Commands\Server\rewrite.php(47): require_once('C:\\Dokumnt\\web_project2024\\dashmondt-master\\public\\index.php')
CRITICAL - 2024-07-17 06:29:03 --> [Caused by] mysqli_sql_exception: Unknown column '2' in 'where clause'
in SYSTEMPATH\Database\MySQLi\Connection.php on line 306.
 1 SYSTEMPATH\Database\MySQLi\Connection.php(306): mysqli->query('SELECT * FROM report WHERE idproject= `2` ', 0)
 2 SYSTEMPATH\Database\BaseConnection.php(693): CodeIgniter\Database\MySQLi\Connection->execute('SELECT * FROM report WHERE idproject= `2` ')
 3 SYSTEMPATH\Database\BaseConnection.php(607): CodeIgniter\Database\BaseConnection->simpleQuery('SELECT * FROM report WHERE idproject= `2` ')
 4 APPPATH\Controllers\Report.php(24): CodeIgniter\Database\BaseConnection->query('SELECT * FROM report WHERE idproject= `2` ')
 5 SYSTEMPATH\CodeIgniter.php(941): App\Controllers\Report->detail('2')
 6 SYSTEMPATH\CodeIgniter.php(502): CodeIgniter\CodeIgniter->runController(Object(App\Controllers\Report))
 7 SYSTEMPATH\CodeIgniter.php(361): CodeIgniter\CodeIgniter->handleRequest(null, Object(Config\Cache), false)
 8 FCPATH\index.php(79): CodeIgniter\CodeIgniter->run()
 9 SYSTEMPATH\Commands\Server\rewrite.php(47): require_once('C:\\Dokumnt\\web_project2024\\dashmondt-master\\public\\index.php')
ERROR - 2024-07-17 06:29:07 --> mysqli_sql_exception: Unknown column '1' in 'where clause' in C:\Dokumnt\web_project2024\dashmondt-master\system\Database\MySQLi\Connection.php:306
Stack trace:
#0 C:\Dokumnt\web_project2024\dashmondt-master\system\Database\MySQLi\Connection.php(306): mysqli->query('SELECT * FROM r...', 0)
#1 C:\Dokumnt\web_project2024\dashmondt-master\system\Database\BaseConnection.php(693): CodeIgniter\Database\MySQLi\Connection->execute('SELECT * FROM r...')
#2 C:\Dokumnt\web_project2024\dashmondt-master\system\Database\BaseConnection.php(607): CodeIgniter\Database\BaseConnection->simpleQuery('SELECT * FROM r...')
#3 C:\Dokumnt\web_project2024\dashmondt-master\app\Controllers\Report.php(24): CodeIgniter\Database\BaseConnection->query('SELECT * FROM r...')
#4 C:\Dokumnt\web_project2024\dashmondt-master\system\CodeIgniter.php(941): App\Controllers\Report->detail('1')
#5 C:\Dokumnt\web_project2024\dashmondt-master\system\CodeIgniter.php(502): CodeIgniter\CodeIgniter->runController(Object(App\Controllers\Report))
#6 C:\Dokumnt\web_project2024\dashmondt-master\system\CodeIgniter.php(361): CodeIgniter\CodeIgniter->handleRequest(NULL, Object(Config\Cache), false)
#7 C:\Dokumnt\web_project2024\dashmondt-master\public\index.php(79): CodeIgniter\CodeIgniter->run()
#8 C:\Dokumnt\web_project2024\dashmondt-master\system\Commands\Server\rewrite.php(47): require_once('C:\\Dokumnt\\web_...')
#9 {main}
CRITICAL - 2024-07-17 06:29:07 --> CodeIgniter\Database\Exceptions\DatabaseException: Unknown column '1' in 'where clause'
in SYSTEMPATH\Database\BaseConnection.php on line 647.
 1 APPPATH\Controllers\Report.php(24): CodeIgniter\Database\BaseConnection->query('SELECT * FROM report WHERE idproject= `1` ')
 2 SYSTEMPATH\CodeIgniter.php(941): App\Controllers\Report->detail('1')
 3 SYSTEMPATH\CodeIgniter.php(502): CodeIgniter\CodeIgniter->runController(Object(App\Controllers\Report))
 4 SYSTEMPATH\CodeIgniter.php(361): CodeIgniter\CodeIgniter->handleRequest(null, Object(Config\Cache), false)
 5 FCPATH\index.php(79): CodeIgniter\CodeIgniter->run()
 6 SYSTEMPATH\Commands\Server\rewrite.php(47): require_once('C:\\Dokumnt\\web_project2024\\dashmondt-master\\public\\index.php')
CRITICAL - 2024-07-17 06:29:07 --> [Caused by] CodeIgniter\Database\Exceptions\DatabaseException: Unknown column '1' in 'where clause'
in SYSTEMPATH\Database\MySQLi\Connection.php on line 311.
 1 SYSTEMPATH\Database\BaseConnection.php(693): CodeIgniter\Database\MySQLi\Connection->execute('SELECT * FROM report WHERE idproject= `1` ')
 2 SYSTEMPATH\Database\BaseConnection.php(607): CodeIgniter\Database\BaseConnection->simpleQuery('SELECT * FROM report WHERE idproject= `1` ')
 3 APPPATH\Controllers\Report.php(24): CodeIgniter\Database\BaseConnection->query('SELECT * FROM report WHERE idproject= `1` ')
 4 SYSTEMPATH\CodeIgniter.php(941): App\Controllers\Report->detail('1')
 5 SYSTEMPATH\CodeIgniter.php(502): CodeIgniter\CodeIgniter->runController(Object(App\Controllers\Report))
 6 SYSTEMPATH\CodeIgniter.php(361): CodeIgniter\CodeIgniter->handleRequest(null, Object(Config\Cache), false)
 7 FCPATH\index.php(79): CodeIgniter\CodeIgniter->run()
 8 SYSTEMPATH\Commands\Server\rewrite.php(47): require_once('C:\\Dokumnt\\web_project2024\\dashmondt-master\\public\\index.php')
CRITICAL - 2024-07-17 06:29:07 --> [Caused by] mysqli_sql_exception: Unknown column '1' in 'where clause'
in SYSTEMPATH\Database\MySQLi\Connection.php on line 306.
 1 SYSTEMPATH\Database\MySQLi\Connection.php(306): mysqli->query('SELECT * FROM report WHERE idproject= `1` ', 0)
 2 SYSTEMPATH\Database\BaseConnection.php(693): CodeIgniter\Database\MySQLi\Connection->execute('SELECT * FROM report WHERE idproject= `1` ')
 3 SYSTEMPATH\Database\BaseConnection.php(607): CodeIgniter\Database\BaseConnection->simpleQuery('SELECT * FROM report WHERE idproject= `1` ')
 4 APPPATH\Controllers\Report.php(24): CodeIgniter\Database\BaseConnection->query('SELECT * FROM report WHERE idproject= `1` ')
 5 SYSTEMPATH\CodeIgniter.php(941): App\Controllers\Report->detail('1')
 6 SYSTEMPATH\CodeIgniter.php(502): CodeIgniter\CodeIgniter->runController(Object(App\Controllers\Report))
 7 SYSTEMPATH\CodeIgniter.php(361): CodeIgniter\CodeIgniter->handleRequest(null, Object(Config\Cache), false)
 8 FCPATH\index.php(79): CodeIgniter\CodeIgniter->run()
 9 SYSTEMPATH\Commands\Server\rewrite.php(47): require_once('C:\\Dokumnt\\web_project2024\\dashmondt-master\\public\\index.php')
CRITICAL - 2024-07-17 06:31:49 --> ErrorException: Undefined property: stdClass::$nm_project
in APPPATH\Views\report\detail.php on line 21.
 1 APPPATH\Views\report\detail.php(21): CodeIgniter\Debug\Exceptions->errorHandler(2, 'Undefined property: stdClass::$nm_project', 'C:\\Dokumnt\\web_project2024\\dashmondt-master\\app\\Views\\report\\detail.php', 21)
 2 SYSTEMPATH\View\View.php(228): include('C:\\Dokumnt\\web_project2024\\dashmondt-master\\app\\Views\\report\\detail.php')
 3 SYSTEMPATH\View\View.php(231): CodeIgniter\View\View->CodeIgniter\View\{closure}()
 4 SYSTEMPATH\Common.php(1178): CodeIgniter\View\View->render('report/detail', [], true)
 5 APPPATH\Controllers\Report.php(30): view('report/detail', [...])
 6 SYSTEMPATH\CodeIgniter.php(941): App\Controllers\Report->detail('2')
 7 SYSTEMPATH\CodeIgniter.php(502): CodeIgniter\CodeIgniter->runController(Object(App\Controllers\Report))
 8 SYSTEMPATH\CodeIgniter.php(361): CodeIgniter\CodeIgniter->handleRequest(null, Object(Config\Cache), false)
 9 FCPATH\index.php(79): CodeIgniter\CodeIgniter->run()
10 SYSTEMPATH\Commands\Server\rewrite.php(47): require_once('C:\\Dokumnt\\web_project2024\\dashmondt-master\\public\\index.php')
CRITICAL - 2024-07-17 06:33:10 --> ErrorException: Undefined property: stdClass::$nm_project
in APPPATH\Views\report\detail.php on line 21.
 1 APPPATH\Views\report\detail.php(21): CodeIgniter\Debug\Exceptions->errorHandler(2, 'Undefined property: stdClass::$nm_project', 'C:\\Dokumnt\\web_project2024\\dashmondt-master\\app\\Views\\report\\detail.php', 21)
 2 SYSTEMPATH\View\View.php(228): include('C:\\Dokumnt\\web_project2024\\dashmondt-master\\app\\Views\\report\\detail.php')
 3 SYSTEMPATH\View\View.php(231): CodeIgniter\View\View->CodeIgniter\View\{closure}()
 4 SYSTEMPATH\Common.php(1178): CodeIgniter\View\View->render('report/detail', [], true)
 5 APPPATH\Controllers\Report.php(35): view('report/detail', [...])
 6 SYSTEMPATH\CodeIgniter.php(941): App\Controllers\Report->detail('2')
 7 SYSTEMPATH\CodeIgniter.php(502): CodeIgniter\CodeIgniter->runController(Object(App\Controllers\Report))
 8 SYSTEMPATH\CodeIgniter.php(361): CodeIgniter\CodeIgniter->handleRequest(null, Object(Config\Cache), false)
 9 FCPATH\index.php(79): CodeIgniter\CodeIgniter->run()
10 SYSTEMPATH\Commands\Server\rewrite.php(47): require_once('C:\\Dokumnt\\web_project2024\\dashmondt-master\\public\\index.php')
CRITICAL - 2024-07-17 06:33:13 --> ErrorException: Undefined property: stdClass::$nm_project
in APPPATH\Views\report\detail.php on line 21.
 1 APPPATH\Views\report\detail.php(21): CodeIgniter\Debug\Exceptions->errorHandler(2, 'Undefined property: stdClass::$nm_project', 'C:\\Dokumnt\\web_project2024\\dashmondt-master\\app\\Views\\report\\detail.php', 21)
 2 SYSTEMPATH\View\View.php(228): include('C:\\Dokumnt\\web_project2024\\dashmondt-master\\app\\Views\\report\\detail.php')
 3 SYSTEMPATH\View\View.php(231): CodeIgniter\View\View->CodeIgniter\View\{closure}()
 4 SYSTEMPATH\Common.php(1178): CodeIgniter\View\View->render('report/detail', [], true)
 5 APPPATH\Controllers\Report.php(35): view('report/detail', [...])
 6 SYSTEMPATH\CodeIgniter.php(941): App\Controllers\Report->detail('2')
 7 SYSTEMPATH\CodeIgniter.php(502): CodeIgniter\CodeIgniter->runController(Object(App\Controllers\Report))
 8 SYSTEMPATH\CodeIgniter.php(361): CodeIgniter\CodeIgniter->handleRequest(null, Object(Config\Cache), false)
 9 FCPATH\index.php(79): CodeIgniter\CodeIgniter->run()
10 SYSTEMPATH\Commands\Server\rewrite.php(47): require_once('C:\\Dokumnt\\web_project2024\\dashmondt-master\\public\\index.php')
