INFO - 2024-07-16 01:10:16 --> Session: Class initialized using 'CodeIgniter\Session\Handlers\FileHandler' driver.
INFO - 2024-07-16 01:10:32 --> Session: Class initialized using 'CodeIgniter\Session\Handlers\FileHandler' driver.
INFO - 2024-07-16 01:10:34 --> Session: Class initialized using 'CodeIgniter\Session\Handlers\FileHandler' driver.
INFO - 2024-07-16 01:10:34 --> Session: Class initialized using 'CodeIgniter\Session\Handlers\FileHandler' driver.
CRITICAL - 2024-07-16 01:39:24 --> ErrorException: Undefined variable $data
in APPPATH\Views\report\index.php on line 16.
 1 APPPATH\Views\report\index.php(16): CodeIgniter\Debug\Exceptions->errorHandler(2, 'Undefined variable $data', 'C:\\Dokumnt\\web_project2024\\dashmondt-master\\app\\Views\\report\\index.php', 16)
 2 SYSTEMPATH\View\View.php(228): include('C:\\Dokumnt\\web_project2024\\dashmondt-master\\app\\Views\\report\\index.php')
 3 SYSTEMPATH\View\View.php(231): CodeIgniter\View\View->CodeIgniter\View\{closure}()
 4 SYSTEMPATH\Common.php(1178): CodeIgniter\View\View->render('report/index', [], true)
 5 APPPATH\Controllers\Report.php(12): view('report/index', [...])
 6 SYSTEMPATH\CodeIgniter.php(941): App\Controllers\Report->index()
 7 SYSTEMPATH\CodeIgniter.php(502): CodeIgniter\CodeIgniter->runController(Object(App\Controllers\Report))
 8 SYSTEMPATH\CodeIgniter.php(361): CodeIgniter\CodeIgniter->handleRequest(null, Object(Config\Cache), false)
 9 FCPATH\index.php(79): CodeIgniter\CodeIgniter->run()
10 SYSTEMPATH\Commands\Server\rewrite.php(47): require_once('C:\\Dokumnt\\web_project2024\\dashmondt-master\\public\\index.php')
CRITICAL - 2024-07-16 01:56:50 --> TypeError: Unsupported operand types: string / string
in APPPATH\Views\report\index.php on line 17.
 1 SYSTEMPATH\View\View.php(228): include()
 2 SYSTEMPATH\View\View.php(231): CodeIgniter\View\View->CodeIgniter\View\{closure}()
 3 SYSTEMPATH\Common.php(1178): CodeIgniter\View\View->render('report/index', [], true)
 4 APPPATH\Controllers\Report.php(15): view('report/index', [...])
 5 SYSTEMPATH\CodeIgniter.php(941): App\Controllers\Report->index()
 6 SYSTEMPATH\CodeIgniter.php(502): CodeIgniter\CodeIgniter->runController(Object(App\Controllers\Report))
 7 SYSTEMPATH\CodeIgniter.php(361): CodeIgniter\CodeIgniter->handleRequest(null, Object(Config\Cache), false)
 8 FCPATH\index.php(79): CodeIgniter\CodeIgniter->run()
 9 SYSTEMPATH\Commands\Server\rewrite.php(47): require_once('C:\\Dokumnt\\web_project2024\\dashmondt-master\\public\\index.php')
CRITICAL - 2024-07-16 01:57:02 --> TypeError: Unsupported operand types: string / string
in APPPATH\Views\report\index.php on line 17.
 1 SYSTEMPATH\View\View.php(228): include()
 2 SYSTEMPATH\View\View.php(231): CodeIgniter\View\View->CodeIgniter\View\{closure}()
 3 SYSTEMPATH\Common.php(1178): CodeIgniter\View\View->render('report/index', [], true)
 4 APPPATH\Controllers\Report.php(15): view('report/index', [...])
 5 SYSTEMPATH\CodeIgniter.php(941): App\Controllers\Report->index()
 6 SYSTEMPATH\CodeIgniter.php(502): CodeIgniter\CodeIgniter->runController(Object(App\Controllers\Report))
 7 SYSTEMPATH\CodeIgniter.php(361): CodeIgniter\CodeIgniter->handleRequest(null, Object(Config\Cache), false)
 8 FCPATH\index.php(79): CodeIgniter\CodeIgniter->run()
 9 SYSTEMPATH\Commands\Server\rewrite.php(47): require_once('C:\\Dokumnt\\web_project2024\\dashmondt-master\\public\\index.php')
CRITICAL - 2024-07-16 02:37:59 --> ErrorException: Undefined variable $namaproject
in APPPATH\Views\report\detail.php on line 16.
 1 APPPATH\Views\report\detail.php(16): CodeIgniter\Debug\Exceptions->errorHandler(2, 'Undefined variable $namaproject', 'C:\\Dokumnt\\web_project2024\\dashmondt-master\\app\\Views\\report\\detail.php', 16)
 2 SYSTEMPATH\View\View.php(228): include('C:\\Dokumnt\\web_project2024\\dashmondt-master\\app\\Views\\report\\detail.php')
 3 SYSTEMPATH\View\View.php(231): CodeIgniter\View\View->CodeIgniter\View\{closure}()
 4 SYSTEMPATH\Common.php(1178): CodeIgniter\View\View->render('report/detail', [], true)
 5 APPPATH\Controllers\Report.php(28): view('report/detail')
 6 SYSTEMPATH\CodeIgniter.php(941): App\Controllers\Report->detail('1')
 7 SYSTEMPATH\CodeIgniter.php(502): CodeIgniter\CodeIgniter->runController(Object(App\Controllers\Report))
 8 SYSTEMPATH\CodeIgniter.php(361): CodeIgniter\CodeIgniter->handleRequest(null, Object(Config\Cache), false)
 9 FCPATH\index.php(79): CodeIgniter\CodeIgniter->run()
10 SYSTEMPATH\Commands\Server\rewrite.php(47): require_once('C:\\Dokumnt\\web_project2024\\dashmondt-master\\public\\index.php')
CRITICAL - 2024-07-16 02:41:31 --> ErrorException: Undefined array key "id"
in APPPATH\Views\getparam.php on line 17.
 1 APPPATH\Views\getparam.php(17): CodeIgniter\Debug\Exceptions->errorHandler(2, 'Undefined array key "id"', 'C:\\Dokumnt\\web_project2024\\dashmondt-master\\app\\Views\\getparam.php', 17)
 2 SYSTEMPATH\View\View.php(228): include('C:\\Dokumnt\\web_project2024\\dashmondt-master\\app\\Views\\getparam.php')
 3 SYSTEMPATH\View\View.php(231): CodeIgniter\View\View->CodeIgniter\View\{closure}()
 4 SYSTEMPATH\Common.php(1178): CodeIgniter\View\View->render('getparam', [], true)
 5 APPPATH\Controllers\Testing.php(12): view('getparam', [...])
 6 SYSTEMPATH\CodeIgniter.php(941): App\Controllers\Testing->index()
 7 SYSTEMPATH\CodeIgniter.php(502): CodeIgniter\CodeIgniter->runController(Object(App\Controllers\Testing))
 8 SYSTEMPATH\CodeIgniter.php(361): CodeIgniter\CodeIgniter->handleRequest(null, Object(Config\Cache), false)
 9 FCPATH\index.php(79): CodeIgniter\CodeIgniter->run()
10 SYSTEMPATH\Commands\Server\rewrite.php(47): require_once('C:\\Dokumnt\\web_project2024\\dashmondt-master\\public\\index.php')
CRITICAL - 2024-07-16 02:41:43 --> ErrorException: Undefined array key "id"
in APPPATH\Views\getparam.php on line 17.
 1 APPPATH\Views\getparam.php(17): CodeIgniter\Debug\Exceptions->errorHandler(2, 'Undefined array key "id"', 'C:\\Dokumnt\\web_project2024\\dashmondt-master\\app\\Views\\getparam.php', 17)
 2 SYSTEMPATH\View\View.php(228): include('C:\\Dokumnt\\web_project2024\\dashmondt-master\\app\\Views\\getparam.php')
 3 SYSTEMPATH\View\View.php(231): CodeIgniter\View\View->CodeIgniter\View\{closure}()
 4 SYSTEMPATH\Common.php(1178): CodeIgniter\View\View->render('getparam', [], true)
 5 APPPATH\Controllers\Testing.php(12): view('getparam', [...])
 6 SYSTEMPATH\CodeIgniter.php(941): App\Controllers\Testing->index()
 7 SYSTEMPATH\CodeIgniter.php(502): CodeIgniter\CodeIgniter->runController(Object(App\Controllers\Testing))
 8 SYSTEMPATH\CodeIgniter.php(361): CodeIgniter\CodeIgniter->handleRequest(null, Object(Config\Cache), false)
 9 FCPATH\index.php(79): CodeIgniter\CodeIgniter->run()
10 SYSTEMPATH\Commands\Server\rewrite.php(47): require_once('C:\\Dokumnt\\web_project2024\\dashmondt-master\\public\\index.php')
CRITICAL - 2024-07-16 02:44:26 --> ErrorException: Undefined array key "status"
in APPPATH\Controllers\Param.php on line 34.
 1 APPPATH\Controllers\Param.php(34): CodeIgniter\Debug\Exceptions->errorHandler(2, 'Undefined array key "status"', 'C:\\Dokumnt\\web_project2024\\dashmondt-master\\app\\Controllers\\Param.php', 34)
 2 SYSTEMPATH\CodeIgniter.php(941): App\Controllers\Param->tampil_id()
 3 SYSTEMPATH\CodeIgniter.php(502): CodeIgniter\CodeIgniter->runController(Object(App\Controllers\Param))
 4 SYSTEMPATH\CodeIgniter.php(361): CodeIgniter\CodeIgniter->handleRequest(null, Object(Config\Cache), false)
 5 FCPATH\index.php(79): CodeIgniter\CodeIgniter->run()
 6 SYSTEMPATH\Commands\Server\rewrite.php(47): require_once('C:\\Dokumnt\\web_project2024\\dashmondt-master\\public\\index.php')
CRITICAL - 2024-07-16 02:44:44 --> ErrorException: Undefined array key "status"
in APPPATH\Controllers\Param.php on line 34.
 1 APPPATH\Controllers\Param.php(34): CodeIgniter\Debug\Exceptions->errorHandler(2, 'Undefined array key "status"', 'C:\\Dokumnt\\web_project2024\\dashmondt-master\\app\\Controllers\\Param.php', 34)
 2 SYSTEMPATH\CodeIgniter.php(941): App\Controllers\Param->tampil_id()
 3 SYSTEMPATH\CodeIgniter.php(502): CodeIgniter\CodeIgniter->runController(Object(App\Controllers\Param))
 4 SYSTEMPATH\CodeIgniter.php(361): CodeIgniter\CodeIgniter->handleRequest(null, Object(Config\Cache), false)
 5 FCPATH\index.php(79): CodeIgniter\CodeIgniter->run()
 6 SYSTEMPATH\Commands\Server\rewrite.php(47): require_once('C:\\Dokumnt\\web_project2024\\dashmondt-master\\public\\index.php')
CRITICAL - 2024-07-16 02:46:35 --> ErrorException: Undefined array key "status"
in APPPATH\Controllers\Param.php on line 34.
 1 APPPATH\Controllers\Param.php(34): CodeIgniter\Debug\Exceptions->errorHandler(2, 'Undefined array key "status"', 'C:\\Dokumnt\\web_project2024\\dashmondt-master\\app\\Controllers\\Param.php', 34)
 2 SYSTEMPATH\CodeIgniter.php(941): App\Controllers\Param->tampil_id()
 3 SYSTEMPATH\CodeIgniter.php(502): CodeIgniter\CodeIgniter->runController(Object(App\Controllers\Param))
 4 SYSTEMPATH\CodeIgniter.php(361): CodeIgniter\CodeIgniter->handleRequest(null, Object(Config\Cache), false)
 5 FCPATH\index.php(79): CodeIgniter\CodeIgniter->run()
 6 SYSTEMPATH\Commands\Server\rewrite.php(47): require_once('C:\\Dokumnt\\web_project2024\\dashmondt-master\\public\\index.php')
ERROR - 2024-07-16 02:47:42 --> mysqli_sql_exception: Unknown column 'id_project' in 'where clause' in C:\Dokumnt\web_project2024\dashmondt-master\system\Database\MySQLi\Connection.php:306
Stack trace:
#0 C:\Dokumnt\web_project2024\dashmondt-master\system\Database\MySQLi\Connection.php(306): mysqli->query('SELECT * FROM r...', 0)
#1 C:\Dokumnt\web_project2024\dashmondt-master\system\Database\BaseConnection.php(693): CodeIgniter\Database\MySQLi\Connection->execute('SELECT * FROM r...')
#2 C:\Dokumnt\web_project2024\dashmondt-master\system\Database\BaseConnection.php(607): CodeIgniter\Database\BaseConnection->simpleQuery('SELECT * FROM r...')
#3 C:\Dokumnt\web_project2024\dashmondt-master\app\Controllers\Report.php(23): CodeIgniter\Database\BaseConnection->query('SELECT * FROM r...')
#4 C:\Dokumnt\web_project2024\dashmondt-master\system\CodeIgniter.php(941): App\Controllers\Report->detail('2')
#5 C:\Dokumnt\web_project2024\dashmondt-master\system\CodeIgniter.php(502): CodeIgniter\CodeIgniter->runController(Object(App\Controllers\Report))
#6 C:\Dokumnt\web_project2024\dashmondt-master\system\CodeIgniter.php(361): CodeIgniter\CodeIgniter->handleRequest(NULL, Object(Config\Cache), false)
#7 C:\Dokumnt\web_project2024\dashmondt-master\public\index.php(79): CodeIgniter\CodeIgniter->run()
#8 C:\Dokumnt\web_project2024\dashmondt-master\system\Commands\Server\rewrite.php(47): require_once('C:\\Dokumnt\\web_...')
#9 {main}
CRITICAL - 2024-07-16 02:47:42 --> CodeIgniter\Database\Exceptions\DatabaseException: Unknown column 'id_project' in 'where clause'
in SYSTEMPATH\Database\BaseConnection.php on line 647.
 1 APPPATH\Controllers\Report.php(23): CodeIgniter\Database\BaseConnection->query('SELECT * FROM report WHERE id_project= 2')
 2 SYSTEMPATH\CodeIgniter.php(941): App\Controllers\Report->detail('2')
 3 SYSTEMPATH\CodeIgniter.php(502): CodeIgniter\CodeIgniter->runController(Object(App\Controllers\Report))
 4 SYSTEMPATH\CodeIgniter.php(361): CodeIgniter\CodeIgniter->handleRequest(null, Object(Config\Cache), false)
 5 FCPATH\index.php(79): CodeIgniter\CodeIgniter->run()
 6 SYSTEMPATH\Commands\Server\rewrite.php(47): require_once('C:\\Dokumnt\\web_project2024\\dashmondt-master\\public\\index.php')
CRITICAL - 2024-07-16 02:47:42 --> [Caused by] CodeIgniter\Database\Exceptions\DatabaseException: Unknown column 'id_project' in 'where clause'
in SYSTEMPATH\Database\MySQLi\Connection.php on line 311.
 1 SYSTEMPATH\Database\BaseConnection.php(693): CodeIgniter\Database\MySQLi\Connection->execute('SELECT * FROM report WHERE id_project= 2')
 2 SYSTEMPATH\Database\BaseConnection.php(607): CodeIgniter\Database\BaseConnection->simpleQuery('SELECT * FROM report WHERE id_project= 2')
 3 APPPATH\Controllers\Report.php(23): CodeIgniter\Database\BaseConnection->query('SELECT * FROM report WHERE id_project= 2')
 4 SYSTEMPATH\CodeIgniter.php(941): App\Controllers\Report->detail('2')
 5 SYSTEMPATH\CodeIgniter.php(502): CodeIgniter\CodeIgniter->runController(Object(App\Controllers\Report))
 6 SYSTEMPATH\CodeIgniter.php(361): CodeIgniter\CodeIgniter->handleRequest(null, Object(Config\Cache), false)
 7 FCPATH\index.php(79): CodeIgniter\CodeIgniter->run()
 8 SYSTEMPATH\Commands\Server\rewrite.php(47): require_once('C:\\Dokumnt\\web_project2024\\dashmondt-master\\public\\index.php')
CRITICAL - 2024-07-16 02:47:42 --> [Caused by] mysqli_sql_exception: Unknown column 'id_project' in 'where clause'
in SYSTEMPATH\Database\MySQLi\Connection.php on line 306.
 1 SYSTEMPATH\Database\MySQLi\Connection.php(306): mysqli->query('SELECT * FROM report WHERE id_project= 2', 0)
 2 SYSTEMPATH\Database\BaseConnection.php(693): CodeIgniter\Database\MySQLi\Connection->execute('SELECT * FROM report WHERE id_project= 2')
 3 SYSTEMPATH\Database\BaseConnection.php(607): CodeIgniter\Database\BaseConnection->simpleQuery('SELECT * FROM report WHERE id_project= 2')
 4 APPPATH\Controllers\Report.php(23): CodeIgniter\Database\BaseConnection->query('SELECT * FROM report WHERE id_project= 2')
 5 SYSTEMPATH\CodeIgniter.php(941): App\Controllers\Report->detail('2')
 6 SYSTEMPATH\CodeIgniter.php(502): CodeIgniter\CodeIgniter->runController(Object(App\Controllers\Report))
 7 SYSTEMPATH\CodeIgniter.php(361): CodeIgniter\CodeIgniter->handleRequest(null, Object(Config\Cache), false)
 8 FCPATH\index.php(79): CodeIgniter\CodeIgniter->run()
 9 SYSTEMPATH\Commands\Server\rewrite.php(47): require_once('C:\\Dokumnt\\web_project2024\\dashmondt-master\\public\\index.php')
CRITICAL - 2024-07-16 02:52:20 --> Error: Class "App\Controllers\EquipmentModel" not found
in APPPATH\Controllers\Report.php on line 26.
 1 SYSTEMPATH\CodeIgniter.php(941): App\Controllers\Report->detail('2')
 2 SYSTEMPATH\CodeIgniter.php(502): CodeIgniter\CodeIgniter->runController(Object(App\Controllers\Report))
 3 SYSTEMPATH\CodeIgniter.php(361): CodeIgniter\CodeIgniter->handleRequest(null, Object(Config\Cache), false)
 4 FCPATH\index.php(79): CodeIgniter\CodeIgniter->run()
 5 SYSTEMPATH\Commands\Server\rewrite.php(47): require_once('C:\\Dokumnt\\web_project2024\\dashmondt-master\\public\\index.php')
CRITICAL - 2024-07-16 02:52:52 --> Error: Class "App\Controllers\ReportModel" not found
in APPPATH\Controllers\Report.php on line 26.
 1 SYSTEMPATH\CodeIgniter.php(941): App\Controllers\Report->detail('2')
 2 SYSTEMPATH\CodeIgniter.php(502): CodeIgniter\CodeIgniter->runController(Object(App\Controllers\Report))
 3 SYSTEMPATH\CodeIgniter.php(361): CodeIgniter\CodeIgniter->handleRequest(null, Object(Config\Cache), false)
 4 FCPATH\index.php(79): CodeIgniter\CodeIgniter->run()
 5 SYSTEMPATH\Commands\Server\rewrite.php(47): require_once('C:\\Dokumnt\\web_project2024\\dashmondt-master\\public\\index.php')
CRITICAL - 2024-07-16 02:55:12 --> Error: Class "App\Controllers\ReportModel" not found
in APPPATH\Controllers\Report.php on line 26.
 1 SYSTEMPATH\CodeIgniter.php(941): App\Controllers\Report->detail('2')
 2 SYSTEMPATH\CodeIgniter.php(502): CodeIgniter\CodeIgniter->runController(Object(App\Controllers\Report))
 3 SYSTEMPATH\CodeIgniter.php(361): CodeIgniter\CodeIgniter->handleRequest(null, Object(Config\Cache), false)
 4 FCPATH\index.php(79): CodeIgniter\CodeIgniter->run()
 5 SYSTEMPATH\Commands\Server\rewrite.php(47): require_once('C:\\Dokumnt\\web_project2024\\dashmondt-master\\public\\index.php')
CRITICAL - 2024-07-16 02:55:19 --> Error: Class "App\Controllers\ReportModel" not found
in APPPATH\Controllers\Report.php on line 26.
 1 SYSTEMPATH\CodeIgniter.php(941): App\Controllers\Report->detail('2')
 2 SYSTEMPATH\CodeIgniter.php(502): CodeIgniter\CodeIgniter->runController(Object(App\Controllers\Report))
 3 SYSTEMPATH\CodeIgniter.php(361): CodeIgniter\CodeIgniter->handleRequest(null, Object(Config\Cache), false)
 4 FCPATH\index.php(79): CodeIgniter\CodeIgniter->run()
 5 SYSTEMPATH\Commands\Server\rewrite.php(47): require_once('C:\\Dokumnt\\web_project2024\\dashmondt-master\\public\\index.php')
CRITICAL - 2024-07-16 02:55:36 --> Error: Class "App\Controllers\ReportModel" not found
in APPPATH\Controllers\Report.php on line 26.
 1 SYSTEMPATH\CodeIgniter.php(941): App\Controllers\Report->detail('2')
 2 SYSTEMPATH\CodeIgniter.php(502): CodeIgniter\CodeIgniter->runController(Object(App\Controllers\Report))
 3 SYSTEMPATH\CodeIgniter.php(361): CodeIgniter\CodeIgniter->handleRequest(null, Object(Config\Cache), false)
 4 FCPATH\index.php(79): CodeIgniter\CodeIgniter->run()
 5 SYSTEMPATH\Commands\Server\rewrite.php(47): require_once('C:\\Dokumnt\\web_project2024\\dashmondt-master\\public\\index.php')
CRITICAL - 2024-07-16 02:55:56 --> Error: Class "App\Controllers\ReportModel" not found
in APPPATH\Controllers\Report.php on line 26.
 1 SYSTEMPATH\CodeIgniter.php(941): App\Controllers\Report->detail('2')
 2 SYSTEMPATH\CodeIgniter.php(502): CodeIgniter\CodeIgniter->runController(Object(App\Controllers\Report))
 3 SYSTEMPATH\CodeIgniter.php(361): CodeIgniter\CodeIgniter->handleRequest(null, Object(Config\Cache), false)
 4 FCPATH\index.php(79): CodeIgniter\CodeIgniter->run()
 5 SYSTEMPATH\Commands\Server\rewrite.php(47): require_once('C:\\Dokumnt\\web_project2024\\dashmondt-master\\public\\index.php')
CRITICAL - 2024-07-16 07:45:19 --> ErrorException: Attempt to read property "id_unit" on string
in APPPATH\Views\report\detail.php on line 32.
 1 APPPATH\Views\report\detail.php(32): CodeIgniter\Debug\Exceptions->errorHandler(2, 'Attempt to read property "id_unit" on string', 'C:\\Dokumnt\\web_project2024\\dashmondt-master\\app\\Views\\report\\detail.php', 32)
 2 SYSTEMPATH\View\View.php(228): include('C:\\Dokumnt\\web_project2024\\dashmondt-master\\app\\Views\\report\\detail.php')
 3 SYSTEMPATH\View\View.php(231): CodeIgniter\View\View->CodeIgniter\View\{closure}()
 4 SYSTEMPATH\Common.php(1178): CodeIgniter\View\View->render('report/detail', [], true)
 5 APPPATH\Controllers\Report.php(33): view('report/detail', [...])
 6 SYSTEMPATH\CodeIgniter.php(941): App\Controllers\Report->detail('2')
 7 SYSTEMPATH\CodeIgniter.php(502): CodeIgniter\CodeIgniter->runController(Object(App\Controllers\Report))
 8 SYSTEMPATH\CodeIgniter.php(361): CodeIgniter\CodeIgniter->handleRequest(null, Object(Config\Cache), false)
 9 FCPATH\index.php(79): CodeIgniter\CodeIgniter->run()
10 SYSTEMPATH\Commands\Server\rewrite.php(47): require_once('C:\\Dokumnt\\web_project2024\\dashmondt-master\\public\\index.php')
CRITICAL - 2024-07-16 07:46:53 --> TypeError: Cannot access offset of type string on string
in APPPATH\Views\report\detail.php on line 32.
 1 SYSTEMPATH\View\View.php(228): include()
 2 SYSTEMPATH\View\View.php(231): CodeIgniter\View\View->CodeIgniter\View\{closure}()
 3 SYSTEMPATH\Common.php(1178): CodeIgniter\View\View->render('report/detail', [], true)
 4 APPPATH\Controllers\Report.php(33): view('report/detail', [...])
 5 SYSTEMPATH\CodeIgniter.php(941): App\Controllers\Report->detail('2')
 6 SYSTEMPATH\CodeIgniter.php(502): CodeIgniter\CodeIgniter->runController(Object(App\Controllers\Report))
 7 SYSTEMPATH\CodeIgniter.php(361): CodeIgniter\CodeIgniter->handleRequest(null, Object(Config\Cache), false)
 8 FCPATH\index.php(79): CodeIgniter\CodeIgniter->run()
 9 SYSTEMPATH\Commands\Server\rewrite.php(47): require_once('C:\\Dokumnt\\web_project2024\\dashmondt-master\\public\\index.php')
CRITICAL - 2024-07-16 07:48:45 --> Error: Call to undefined method stdClass::getResult()
in APPPATH\Controllers\Report.php on line 29.
 1 SYSTEMPATH\CodeIgniter.php(941): App\Controllers\Report->detail('2')
 2 SYSTEMPATH\CodeIgniter.php(502): CodeIgniter\CodeIgniter->runController(Object(App\Controllers\Report))
 3 SYSTEMPATH\CodeIgniter.php(361): CodeIgniter\CodeIgniter->handleRequest(null, Object(Config\Cache), false)
 4 FCPATH\index.php(79): CodeIgniter\CodeIgniter->run()
 5 SYSTEMPATH\Commands\Server\rewrite.php(47): require_once('C:\\Dokumnt\\web_project2024\\dashmondt-master\\public\\index.php')
CRITICAL - 2024-07-16 07:49:05 --> Error: Call to undefined method stdClass::getResultArray()
in APPPATH\Controllers\Report.php on line 29.
 1 SYSTEMPATH\CodeIgniter.php(941): App\Controllers\Report->detail('2')
 2 SYSTEMPATH\CodeIgniter.php(502): CodeIgniter\CodeIgniter->runController(Object(App\Controllers\Report))
 3 SYSTEMPATH\CodeIgniter.php(361): CodeIgniter\CodeIgniter->handleRequest(null, Object(Config\Cache), false)
 4 FCPATH\index.php(79): CodeIgniter\CodeIgniter->run()
 5 SYSTEMPATH\Commands\Server\rewrite.php(47): require_once('C:\\Dokumnt\\web_project2024\\dashmondt-master\\public\\index.php')
CRITICAL - 2024-07-16 07:49:19 --> Error: Call to undefined method stdClass::getResultArray()
in APPPATH\Controllers\Report.php on line 29.
 1 SYSTEMPATH\CodeIgniter.php(941): App\Controllers\Report->detail('2')
 2 SYSTEMPATH\CodeIgniter.php(502): CodeIgniter\CodeIgniter->runController(Object(App\Controllers\Report))
 3 SYSTEMPATH\CodeIgniter.php(361): CodeIgniter\CodeIgniter->handleRequest(null, Object(Config\Cache), false)
 4 FCPATH\index.php(79): CodeIgniter\CodeIgniter->run()
 5 SYSTEMPATH\Commands\Server\rewrite.php(47): require_once('C:\\Dokumnt\\web_project2024\\dashmondt-master\\public\\index.php')
CRITICAL - 2024-07-16 07:49:21 --> Error: Call to undefined method stdClass::getResultArray()
in APPPATH\Controllers\Report.php on line 29.
 1 SYSTEMPATH\CodeIgniter.php(941): App\Controllers\Report->detail('2')
 2 SYSTEMPATH\CodeIgniter.php(502): CodeIgniter\CodeIgniter->runController(Object(App\Controllers\Report))
 3 SYSTEMPATH\CodeIgniter.php(361): CodeIgniter\CodeIgniter->handleRequest(null, Object(Config\Cache), false)
 4 FCPATH\index.php(79): CodeIgniter\CodeIgniter->run()
 5 SYSTEMPATH\Commands\Server\rewrite.php(47): require_once('C:\\Dokumnt\\web_project2024\\dashmondt-master\\public\\index.php')
CRITICAL - 2024-07-16 07:49:25 --> Error: Call to undefined method stdClass::getResultArray()
in APPPATH\Controllers\Report.php on line 29.
 1 SYSTEMPATH\CodeIgniter.php(941): App\Controllers\Report->detail('1')
 2 SYSTEMPATH\CodeIgniter.php(502): CodeIgniter\CodeIgniter->runController(Object(App\Controllers\Report))
 3 SYSTEMPATH\CodeIgniter.php(361): CodeIgniter\CodeIgniter->handleRequest(null, Object(Config\Cache), false)
 4 FCPATH\index.php(79): CodeIgniter\CodeIgniter->run()
 5 SYSTEMPATH\Commands\Server\rewrite.php(47): require_once('C:\\Dokumnt\\web_project2024\\dashmondt-master\\public\\index.php')
CRITICAL - 2024-07-16 07:50:03 --> Error: Call to undefined method stdClass::getResultArray()
in APPPATH\Controllers\Report.php on line 29.
 1 SYSTEMPATH\CodeIgniter.php(941): App\Controllers\Report->detail('1')
 2 SYSTEMPATH\CodeIgniter.php(502): CodeIgniter\CodeIgniter->runController(Object(App\Controllers\Report))
 3 SYSTEMPATH\CodeIgniter.php(361): CodeIgniter\CodeIgniter->handleRequest(null, Object(Config\Cache), false)
 4 FCPATH\index.php(79): CodeIgniter\CodeIgniter->run()
 5 SYSTEMPATH\Commands\Server\rewrite.php(47): require_once('C:\\Dokumnt\\web_project2024\\dashmondt-master\\public\\index.php')
CRITICAL - 2024-07-16 07:50:11 --> Error: Call to undefined method stdClass::getResultArray()
in APPPATH\Controllers\Report.php on line 29.
 1 SYSTEMPATH\CodeIgniter.php(941): App\Controllers\Report->detail('1')
 2 SYSTEMPATH\CodeIgniter.php(502): CodeIgniter\CodeIgniter->runController(Object(App\Controllers\Report))
 3 SYSTEMPATH\CodeIgniter.php(361): CodeIgniter\CodeIgniter->handleRequest(null, Object(Config\Cache), false)
 4 FCPATH\index.php(79): CodeIgniter\CodeIgniter->run()
 5 SYSTEMPATH\Commands\Server\rewrite.php(47): require_once('C:\\Dokumnt\\web_project2024\\dashmondt-master\\public\\index.php')
CRITICAL - 2024-07-16 07:50:34 --> TypeError: Cannot access offset of type string on string
in APPPATH\Views\report\detail.php on line 32.
 1 SYSTEMPATH\View\View.php(228): include()
 2 SYSTEMPATH\View\View.php(231): CodeIgniter\View\View->CodeIgniter\View\{closure}()
 3 SYSTEMPATH\Common.php(1178): CodeIgniter\View\View->render('report/detail', [], true)
 4 APPPATH\Controllers\Report.php(33): view('report/detail', [...])
 5 SYSTEMPATH\CodeIgniter.php(941): App\Controllers\Report->detail('1')
 6 SYSTEMPATH\CodeIgniter.php(502): CodeIgniter\CodeIgniter->runController(Object(App\Controllers\Report))
 7 SYSTEMPATH\CodeIgniter.php(361): CodeIgniter\CodeIgniter->handleRequest(null, Object(Config\Cache), false)
 8 FCPATH\index.php(79): CodeIgniter\CodeIgniter->run()
 9 SYSTEMPATH\Commands\Server\rewrite.php(47): require_once('C:\\Dokumnt\\web_project2024\\dashmondt-master\\public\\index.php')
CRITICAL - 2024-07-16 07:51:13 --> TypeError: Cannot access offset of type string on string
in APPPATH\Views\report\detail.php on line 32.
 1 SYSTEMPATH\View\View.php(228): include()
 2 SYSTEMPATH\View\View.php(231): CodeIgniter\View\View->CodeIgniter\View\{closure}()
 3 SYSTEMPATH\Common.php(1178): CodeIgniter\View\View->render('report/detail', [], true)
 4 APPPATH\Controllers\Report.php(34): view('report/detail', [...])
 5 SYSTEMPATH\CodeIgniter.php(941): App\Controllers\Report->detail('1')
 6 SYSTEMPATH\CodeIgniter.php(502): CodeIgniter\CodeIgniter->runController(Object(App\Controllers\Report))
 7 SYSTEMPATH\CodeIgniter.php(361): CodeIgniter\CodeIgniter->handleRequest(null, Object(Config\Cache), false)
 8 FCPATH\index.php(79): CodeIgniter\CodeIgniter->run()
 9 SYSTEMPATH\Commands\Server\rewrite.php(47): require_once('C:\\Dokumnt\\web_project2024\\dashmondt-master\\public\\index.php')
CRITICAL - 2024-07-16 07:51:20 --> TypeError: Cannot access offset of type string on string
in APPPATH\Views\report\detail.php on line 32.
 1 SYSTEMPATH\View\View.php(228): include()
 2 SYSTEMPATH\View\View.php(231): CodeIgniter\View\View->CodeIgniter\View\{closure}()
 3 SYSTEMPATH\Common.php(1178): CodeIgniter\View\View->render('report/detail', [], true)
 4 APPPATH\Controllers\Report.php(34): view('report/detail', [...])
 5 SYSTEMPATH\CodeIgniter.php(941): App\Controllers\Report->detail('1')
 6 SYSTEMPATH\CodeIgniter.php(502): CodeIgniter\CodeIgniter->runController(Object(App\Controllers\Report))
 7 SYSTEMPATH\CodeIgniter.php(361): CodeIgniter\CodeIgniter->handleRequest(null, Object(Config\Cache), false)
 8 FCPATH\index.php(79): CodeIgniter\CodeIgniter->run()
 9 SYSTEMPATH\Commands\Server\rewrite.php(47): require_once('C:\\Dokumnt\\web_project2024\\dashmondt-master\\public\\index.php')
CRITICAL - 2024-07-16 07:56:39 --> ErrorException: Attempt to read property "id_unit" on string
in APPPATH\Views\report\detail.php on line 32.
 1 APPPATH\Views\report\detail.php(32): CodeIgniter\Debug\Exceptions->errorHandler(2, 'Attempt to read property "id_unit" on string', 'C:\\Dokumnt\\web_project2024\\dashmondt-master\\app\\Views\\report\\detail.php', 32)
 2 SYSTEMPATH\View\View.php(228): include('C:\\Dokumnt\\web_project2024\\dashmondt-master\\app\\Views\\report\\detail.php')
 3 SYSTEMPATH\View\View.php(231): CodeIgniter\View\View->CodeIgniter\View\{closure}()
 4 SYSTEMPATH\Common.php(1178): CodeIgniter\View\View->render('report/detail', [], true)
 5 APPPATH\Controllers\Report.php(34): view('report/detail', [...])
 6 SYSTEMPATH\CodeIgniter.php(941): App\Controllers\Report->detail('1')
 7 SYSTEMPATH\CodeIgniter.php(502): CodeIgniter\CodeIgniter->runController(Object(App\Controllers\Report))
 8 SYSTEMPATH\CodeIgniter.php(361): CodeIgniter\CodeIgniter->handleRequest(null, Object(Config\Cache), false)
 9 FCPATH\index.php(79): CodeIgniter\CodeIgniter->run()
10 SYSTEMPATH\Commands\Server\rewrite.php(47): require_once('C:\\Dokumnt\\web_project2024\\dashmondt-master\\public\\index.php')
CRITICAL - 2024-07-16 07:57:02 --> ErrorException: Attempt to read property "id_unit" on string
in APPPATH\Views\report\detail.php on line 33.
 1 APPPATH\Views\report\detail.php(33): CodeIgniter\Debug\Exceptions->errorHandler(2, 'Attempt to read property "id_unit" on string', 'C:\\Dokumnt\\web_project2024\\dashmondt-master\\app\\Views\\report\\detail.php', 33)
 2 SYSTEMPATH\View\View.php(228): include('C:\\Dokumnt\\web_project2024\\dashmondt-master\\app\\Views\\report\\detail.php')
 3 SYSTEMPATH\View\View.php(231): CodeIgniter\View\View->CodeIgniter\View\{closure}()
 4 SYSTEMPATH\Common.php(1178): CodeIgniter\View\View->render('report/detail', [], true)
 5 APPPATH\Controllers\Report.php(34): view('report/detail', [...])
 6 SYSTEMPATH\CodeIgniter.php(941): App\Controllers\Report->detail('1')
 7 SYSTEMPATH\CodeIgniter.php(502): CodeIgniter\CodeIgniter->runController(Object(App\Controllers\Report))
 8 SYSTEMPATH\CodeIgniter.php(361): CodeIgniter\CodeIgniter->handleRequest(null, Object(Config\Cache), false)
 9 FCPATH\index.php(79): CodeIgniter\CodeIgniter->run()
10 SYSTEMPATH\Commands\Server\rewrite.php(47): require_once('C:\\Dokumnt\\web_project2024\\dashmondt-master\\public\\index.php')
CRITICAL - 2024-07-16 07:57:30 --> ErrorException: Attempt to read property "keterangan" on string
in APPPATH\Views\report\detail.php on line 33.
 1 APPPATH\Views\report\detail.php(33): CodeIgniter\Debug\Exceptions->errorHandler(2, 'Attempt to read property "keterangan" on string', 'C:\\Dokumnt\\web_project2024\\dashmondt-master\\app\\Views\\report\\detail.php', 33)
 2 SYSTEMPATH\View\View.php(228): include('C:\\Dokumnt\\web_project2024\\dashmondt-master\\app\\Views\\report\\detail.php')
 3 SYSTEMPATH\View\View.php(231): CodeIgniter\View\View->CodeIgniter\View\{closure}()
 4 SYSTEMPATH\Common.php(1178): CodeIgniter\View\View->render('report/detail', [], true)
 5 APPPATH\Controllers\Report.php(34): view('report/detail', [...])
 6 SYSTEMPATH\CodeIgniter.php(941): App\Controllers\Report->detail('1')
 7 SYSTEMPATH\CodeIgniter.php(502): CodeIgniter\CodeIgniter->runController(Object(App\Controllers\Report))
 8 SYSTEMPATH\CodeIgniter.php(361): CodeIgniter\CodeIgniter->handleRequest(null, Object(Config\Cache), false)
 9 FCPATH\index.php(79): CodeIgniter\CodeIgniter->run()
10 SYSTEMPATH\Commands\Server\rewrite.php(47): require_once('C:\\Dokumnt\\web_project2024\\dashmondt-master\\public\\index.php')
CRITICAL - 2024-07-16 07:58:05 --> ErrorException: Undefined variable $dataID
in APPPATH\Views\report\detail.php on line 30.
 1 APPPATH\Views\report\detail.php(30): CodeIgniter\Debug\Exceptions->errorHandler(2, 'Undefined variable $dataID', 'C:\\Dokumnt\\web_project2024\\dashmondt-master\\app\\Views\\report\\detail.php', 30)
 2 SYSTEMPATH\View\View.php(228): include('C:\\Dokumnt\\web_project2024\\dashmondt-master\\app\\Views\\report\\detail.php')
 3 SYSTEMPATH\View\View.php(231): CodeIgniter\View\View->CodeIgniter\View\{closure}()
 4 SYSTEMPATH\Common.php(1178): CodeIgniter\View\View->render('report/detail', [], true)
 5 APPPATH\Controllers\Report.php(32): view('report/detail', [...])
 6 SYSTEMPATH\CodeIgniter.php(941): App\Controllers\Report->detail('1')
 7 SYSTEMPATH\CodeIgniter.php(502): CodeIgniter\CodeIgniter->runController(Object(App\Controllers\Report))
 8 SYSTEMPATH\CodeIgniter.php(361): CodeIgniter\CodeIgniter->handleRequest(null, Object(Config\Cache), false)
 9 FCPATH\index.php(79): CodeIgniter\CodeIgniter->run()
10 SYSTEMPATH\Commands\Server\rewrite.php(47): require_once('C:\\Dokumnt\\web_project2024\\dashmondt-master\\public\\index.php')
CRITICAL - 2024-07-16 08:00:03 --> ErrorException: Attempt to read property "keterangan" on string
in APPPATH\Views\report\detail.php on line 29.
 1 APPPATH\Views\report\detail.php(29): CodeIgniter\Debug\Exceptions->errorHandler(2, 'Attempt to read property "keterangan" on string', 'C:\\Dokumnt\\web_project2024\\dashmondt-master\\app\\Views\\report\\detail.php', 29)
 2 SYSTEMPATH\View\View.php(228): include('C:\\Dokumnt\\web_project2024\\dashmondt-master\\app\\Views\\report\\detail.php')
 3 SYSTEMPATH\View\View.php(231): CodeIgniter\View\View->CodeIgniter\View\{closure}()
 4 SYSTEMPATH\Common.php(1178): CodeIgniter\View\View->render('report/detail', [], true)
 5 APPPATH\Controllers\Report.php(33): view('report/detail', [...])
 6 SYSTEMPATH\CodeIgniter.php(941): App\Controllers\Report->detail('1')
 7 SYSTEMPATH\CodeIgniter.php(502): CodeIgniter\CodeIgniter->runController(Object(App\Controllers\Report))
 8 SYSTEMPATH\CodeIgniter.php(361): CodeIgniter\CodeIgniter->handleRequest(null, Object(Config\Cache), false)
 9 FCPATH\index.php(79): CodeIgniter\CodeIgniter->run()
10 SYSTEMPATH\Commands\Server\rewrite.php(47): require_once('C:\\Dokumnt\\web_project2024\\dashmondt-master\\public\\index.php')
CRITICAL - 2024-07-16 08:02:34 --> ErrorException: Attempt to read property "keterangan" on string
in APPPATH\Views\report\detail.php on line 28.
 1 APPPATH\Views\report\detail.php(28): CodeIgniter\Debug\Exceptions->errorHandler(2, 'Attempt to read property "keterangan" on string', 'C:\\Dokumnt\\web_project2024\\dashmondt-master\\app\\Views\\report\\detail.php', 28)
 2 SYSTEMPATH\View\View.php(228): include('C:\\Dokumnt\\web_project2024\\dashmondt-master\\app\\Views\\report\\detail.php')
 3 SYSTEMPATH\View\View.php(231): CodeIgniter\View\View->CodeIgniter\View\{closure}()
 4 SYSTEMPATH\Common.php(1178): CodeIgniter\View\View->render('report/detail', [], true)
 5 APPPATH\Controllers\Report.php(33): view('report/detail', [...])
 6 SYSTEMPATH\CodeIgniter.php(941): App\Controllers\Report->detail('1')
 7 SYSTEMPATH\CodeIgniter.php(502): CodeIgniter\CodeIgniter->runController(Object(App\Controllers\Report))
 8 SYSTEMPATH\CodeIgniter.php(361): CodeIgniter\CodeIgniter->handleRequest(null, Object(Config\Cache), false)
 9 FCPATH\index.php(79): CodeIgniter\CodeIgniter->run()
10 SYSTEMPATH\Commands\Server\rewrite.php(47): require_once('C:\\Dokumnt\\web_project2024\\dashmondt-master\\public\\index.php')
CRITICAL - 2024-07-16 08:02:42 --> ErrorException: Attempt to read property "keterangan" on string
in APPPATH\Views\report\detail.php on line 28.
 1 APPPATH\Views\report\detail.php(28): CodeIgniter\Debug\Exceptions->errorHandler(2, 'Attempt to read property "keterangan" on string', 'C:\\Dokumnt\\web_project2024\\dashmondt-master\\app\\Views\\report\\detail.php', 28)
 2 SYSTEMPATH\View\View.php(228): include('C:\\Dokumnt\\web_project2024\\dashmondt-master\\app\\Views\\report\\detail.php')
 3 SYSTEMPATH\View\View.php(231): CodeIgniter\View\View->CodeIgniter\View\{closure}()
 4 SYSTEMPATH\Common.php(1178): CodeIgniter\View\View->render('report/detail', [], true)
 5 APPPATH\Controllers\Report.php(33): view('report/detail', [...])
 6 SYSTEMPATH\CodeIgniter.php(941): App\Controllers\Report->detail('2')
 7 SYSTEMPATH\CodeIgniter.php(502): CodeIgniter\CodeIgniter->runController(Object(App\Controllers\Report))
 8 SYSTEMPATH\CodeIgniter.php(361): CodeIgniter\CodeIgniter->handleRequest(null, Object(Config\Cache), false)
 9 FCPATH\index.php(79): CodeIgniter\CodeIgniter->run()
10 SYSTEMPATH\Commands\Server\rewrite.php(47): require_once('C:\\Dokumnt\\web_project2024\\dashmondt-master\\public\\index.php')
CRITICAL - 2024-07-16 08:08:35 --> ErrorException: Attempt to read property "keterangan" on string
in APPPATH\Views\report\detail.php on line 28.
 1 APPPATH\Views\report\detail.php(28): CodeIgniter\Debug\Exceptions->errorHandler(2, 'Attempt to read property "keterangan" on string', 'C:\\Dokumnt\\web_project2024\\dashmondt-master\\app\\Views\\report\\detail.php', 28)
 2 SYSTEMPATH\View\View.php(228): include('C:\\Dokumnt\\web_project2024\\dashmondt-master\\app\\Views\\report\\detail.php')
 3 SYSTEMPATH\View\View.php(231): CodeIgniter\View\View->CodeIgniter\View\{closure}()
 4 SYSTEMPATH\Common.php(1178): CodeIgniter\View\View->render('report/detail', [], true)
 5 APPPATH\Controllers\Report.php(33): view('report/detail', [...])
 6 SYSTEMPATH\CodeIgniter.php(941): App\Controllers\Report->detail('2')
 7 SYSTEMPATH\CodeIgniter.php(502): CodeIgniter\CodeIgniter->runController(Object(App\Controllers\Report))
 8 SYSTEMPATH\CodeIgniter.php(361): CodeIgniter\CodeIgniter->handleRequest(null, Object(Config\Cache), false)
 9 FCPATH\index.php(79): CodeIgniter\CodeIgniter->run()
10 SYSTEMPATH\Commands\Server\rewrite.php(47): require_once('C:\\Dokumnt\\web_project2024\\dashmondt-master\\public\\index.php')
